2024-04-07 20:44:56,752 [INFO] Activator:176 - 


2024-04-07 20:44:56,757 [INFO] Activator:177 - !SESSION log4j initialized
2024-04-07 20:45:01,722 [INFO] LogOutputStream:77 - [STDOUT_REDIRECT] 
2024-04-07 20:45:02,753 [INFO] ApplicationProperties:184 - Using Application install path: C:\ST\STM32CubeIDE_1.14.1\STM32CubeIDE\plugins\com.st.stm32cube.common.mx_6.10.0.202311202037
2024-04-07 20:45:02,771 [INFO] DbMcusXml:78 - Set database path to: C:\ST\STM32CubeIDE_1.14.1\STM32CubeIDE\plugins\com.st.stm32cube.common.mx_6.10.0.202311202037\\db\/mcu/
2024-04-07 20:45:02,771 [INFO] ApiDb:274 - Set plugin database path to: C:\ST\STM32CubeIDE_1.14.1\STM32CubeIDE\plugins\com.st.stm32cube.common.mx_6.10.0.202311202037\\db\/plugins/boardmanager/
2024-04-07 20:45:02,771 [WARN] ApiDb:259 - Overriding images path with different value:  => C:\ST\STM32CubeIDE_1.14.1\STM32CubeIDE\plugins\com.st.stm32cube.common.mx_6.10.0.202311202037\\db\/plugins/mcufinder/images/
2024-04-07 20:45:02,800 [INFO] ApiDb:250 - Set database path to: C:\Users\tjdtj\.stmcufinder\plugins\mcufinder//mcu/
2024-04-07 20:45:02,801 [INFO] DbMcusAds:125 - Set database path to: C:\Users\tjdtj\.stmcufinder\plugins\mcufinder//mcu/
2024-04-07 20:45:02,803 [INFO] CrossReferenceDbSqlite:203 - Set database path to: C:\Users\tjdtj\.stmcufinder\plugins\mcufinder//mcu/cs/
2024-04-07 20:45:02,909 [INFO] RulesReader:64 - Compatibility file has been processed (297 Rules)
2024-04-07 20:45:03,040 [INFO] DbMcusXml:78 - Set database path to: C:\ST\STM32CubeIDE_1.14.1\STM32CubeIDE\plugins\com.st.stm32cube.common.mx_6.10.0.202311202037\\db\/mcu/
2024-04-07 20:45:03,040 [INFO] ApiDb:274 - Set plugin database path to: C:\ST\STM32CubeIDE_1.14.1\STM32CubeIDE\plugins\com.st.stm32cube.common.mx_6.10.0.202311202037\\db\/plugins/boardmanager/
2024-04-07 20:45:03,041 [INFO] ApiDb:261 - Set plugin images path to: C:\ST\STM32CubeIDE_1.14.1\STM32CubeIDE\plugins\com.st.stm32cube.common.mx_6.10.0.202311202037\\db\/plugins/mcufinder/images/
2024-04-07 20:45:03,041 [WARN] DbFile:41 - Overriding database path with different value: C:\Users\tjdtj\.stmcufinder\plugins\mcufinder/ => C:\Users\tjdtj\.stmcufinder\plugins\mcufinder
2024-04-07 20:45:03,041 [INFO] ApiDb:250 - Set database path to: C:\Users\tjdtj\.stmcufinder\plugins\mcufinder//mcu/
2024-04-07 20:45:03,041 [WARN] DbFile:41 - Overriding database path with different value: C:\Users\tjdtj\.stmcufinder\plugins\mcufinder/ => C:\Users\tjdtj\.stmcufinder\plugins\mcufinder
2024-04-07 20:45:03,041 [INFO] DbMcusAds:125 - Set database path to: C:\Users\tjdtj\.stmcufinder\plugins\mcufinder//mcu/
2024-04-07 20:45:03,041 [WARN] DbFile:41 - Overriding database path with different value: C:\Users\tjdtj\.stmcufinder\plugins\mcufinder/ => C:\Users\tjdtj\.stmcufinder\plugins\mcufinder
2024-04-07 20:45:03,041 [WARN] DbFile:41 - Overriding database path with different value: C:\Users\tjdtj\.stmcufinder\plugins\mcufinder/ => C:\Users\tjdtj\.stmcufinder\plugins\mcufinder
2024-04-07 20:45:03,041 [INFO] CrossReferenceDbSqlite:203 - Set database path to: C:\Users\tjdtj\.stmcufinder\plugins\mcufinder//mcu/cs/
2024-04-07 20:45:03,120 [INFO] MainPanel:264 - HeapMemory: 268435456
2024-04-07 20:45:03,215 [INFO] DbMcusXml:78 - Set database path to: C:\ST\STM32CubeIDE_1.14.1\STM32CubeIDE\plugins\com.st.stm32cube.common.mx_6.10.0.202311202037\\db\/mcu/
2024-04-07 20:45:03,215 [INFO] ApiDb:274 - Set plugin database path to: C:\ST\STM32CubeIDE_1.14.1\STM32CubeIDE\plugins\com.st.stm32cube.common.mx_6.10.0.202311202037\\db\/plugins/boardmanager/
2024-04-07 20:45:03,215 [INFO] ApiDb:261 - Set plugin images path to: C:\ST\STM32CubeIDE_1.14.1\STM32CubeIDE\plugins\com.st.stm32cube.common.mx_6.10.0.202311202037\\db\/plugins/mcufinder/images/
2024-04-07 20:45:03,216 [WARN] DbFile:41 - Overriding database path with different value: C:\Users\tjdtj\.stmcufinder\plugins\mcufinder/ => C:\Users\tjdtj\.stmcufinder\plugins\mcufinder
2024-04-07 20:45:03,216 [INFO] ApiDb:250 - Set database path to: C:\Users\tjdtj\.stmcufinder\plugins\mcufinder//mcu/
2024-04-07 20:45:03,216 [WARN] DbFile:41 - Overriding database path with different value: C:\Users\tjdtj\.stmcufinder\plugins\mcufinder/ => C:\Users\tjdtj\.stmcufinder\plugins\mcufinder
2024-04-07 20:45:03,216 [INFO] DbMcusAds:125 - Set database path to: C:\Users\tjdtj\.stmcufinder\plugins\mcufinder//mcu/
2024-04-07 20:45:03,216 [WARN] DbFile:41 - Overriding database path with different value: C:\Users\tjdtj\.stmcufinder\plugins\mcufinder/ => C:\Users\tjdtj\.stmcufinder\plugins\mcufinder
2024-04-07 20:45:03,216 [WARN] DbFile:41 - Overriding database path with different value: C:\Users\tjdtj\.stmcufinder\plugins\mcufinder/ => C:\Users\tjdtj\.stmcufinder\plugins\mcufinder
2024-04-07 20:45:03,216 [INFO] CrossReferenceDbSqlite:203 - Set database path to: C:\Users\tjdtj\.stmcufinder\plugins\mcufinder//mcu/cs/
2024-04-07 20:45:03,233 [INFO] ApplicationProperties:184 - Using Application install path: C:\ST\STM32CubeIDE_1.14.1\STM32CubeIDE\plugins\com.st.stm32cube.common.mx_6.10.0.202311202037
2024-04-07 20:45:03,235 [INFO] PluginManage:196 - Search for loadable plugins [exclusion list=, ]
2024-04-07 20:45:03,236 [INFO] PluginManage:310 - Check plugin analytics
2024-04-07 20:45:03,371 [INFO] AnalyticsPlugin:253 - Accepted Software Licenses: 
2024-04-07 20:45:03,371 [INFO] AnalyticsPlugin:255 - Accepted CMSIS Pack Licenses: 
2024-04-07 20:45:03,372 [INFO] AnalyticsPlugin:257 - Accepted Firmware Licenses: 
2024-04-07 20:45:03,374 [INFO] PluginManage:359 - Loaded plugin analytics (category:tool,tabindex:-1)
2024-04-07 20:45:03,374 [INFO] PluginManage:310 - Check plugin cadmodel
2024-04-07 20:45:03,388 [INFO] CADModel:105 - Init CAD model plugin
2024-04-07 20:45:03,388 [INFO] PluginManage:359 - Loaded plugin cadmodel (category:power,tabindex:5)
2024-04-07 20:45:03,388 [INFO] PluginManage:310 - Check plugin clock
2024-04-07 20:45:03,406 [INFO] PluginManage:359 - Loaded plugin clock (category:base,tabindex:2)
2024-04-07 20:45:03,406 [INFO] PluginManage:310 - Check plugin ddr
2024-04-07 20:45:03,408 [INFO] PluginManage:359 - Loaded plugin ddr (category:tool,tabindex:6)
2024-04-07 20:45:03,408 [INFO] PluginManage:310 - Check plugin filemanager
2024-04-07 20:45:03,532 [INFO] PluginManage:359 - Loaded plugin filemanager (category:base,tabindex:10)
2024-04-07 20:45:03,532 [INFO] PluginManage:310 - Check plugin ipmanager
2024-04-07 20:45:03,538 [INFO] PluginManage:359 - Loaded plugin ipmanager (category:base,tabindex:5)
2024-04-07 20:45:03,538 [INFO] PluginManage:310 - Check plugin lpbam
2024-04-07 20:45:03,555 [INFO] PluginManage:359 - Loaded plugin lpbam (category:base,tabindex:0)
2024-04-07 20:45:03,555 [INFO] PluginManage:310 - Check plugin memorymap
2024-04-07 20:45:03,577 [INFO] PluginManage:359 - Loaded plugin memorymap (category:base,tabindex:4)
2024-04-07 20:45:03,577 [INFO] PluginManage:310 - Check plugin pinoutandconfiguration
2024-04-07 20:45:03,592 [INFO] PluginManage:359 - Loaded plugin pinoutandconfiguration (category:base,tabindex:1)
2024-04-07 20:45:03,592 [INFO] PluginManage:310 - Check plugin pinoutconfig
2024-04-07 20:45:03,672 [WARN] SupportedApi:132 - Cannot load RTOS API schema: s4s-elt-must-match.1: The content of 'definitions' must match (annotation?, (simpleType | complexType)?, (unique | key | keyref)*)). A problem was found starting at: attribute.
2024-04-07 20:45:03,785 [INFO] PluginManage:359 - Loaded plugin pinoutconfig (category:base,tabindex:0)
2024-04-07 20:45:03,785 [INFO] PluginManage:310 - Check plugin power
2024-04-07 20:45:03,804 [INFO] PluginManage:359 - Loaded plugin power (category:power,tabindex:4)
2024-04-07 20:45:03,804 [INFO] PluginManage:310 - Check plugin projectmanager
2024-04-07 20:45:03,818 [INFO] PluginManage:359 - Loaded plugin projectmanager (category:projectmanager,tabindex:3)
2024-04-07 20:45:03,818 [INFO] PluginManage:310 - Check plugin thirdparty
2024-04-07 20:45:04,045 [INFO] PluginManage:359 - Loaded plugin thirdparty (category:base,tabindex:-1)
2024-04-07 20:45:04,045 [WARN] IntegrityCheckThread:84 - waiting for thirdparty lock release [integrity check]
2024-04-07 20:45:04,046 [INFO] PluginManage:310 - Check plugin tools
2024-04-07 20:45:04,046 [INFO] IntegrityCheckThread:86 - entering critical section [integrity check]
2024-04-07 20:45:04,046 [INFO] ThirdPartyUpdaterWithRetryManager:70 - Updater plugin not ready yet. [1/15]
2024-04-07 20:45:04,075 [INFO] PluginManage:359 - Loaded plugin tools (category:base,tabindex:7)
2024-04-07 20:45:04,075 [INFO] PluginManage:310 - Check plugin tutovideos
2024-04-07 20:45:04,248 [INFO] PluginManage:359 - Loaded plugin tutovideos (category:base,tabindex:-1)
2024-04-07 20:45:04,248 [INFO] PluginManage:310 - Check plugin updater
2024-04-07 20:45:04,258 [INFO] PluginManage:359 - Loaded plugin updater (category:base,tabindex:12)
2024-04-07 20:45:04,258 [INFO] PluginManage:310 - Check plugin userauth
2024-04-07 20:45:04,264 [INFO] UserAuth:114 - Init User Auth plugin
2024-04-07 20:45:04,264 [INFO] PluginManage:359 - Loaded plugin userauth (category:base,tabindex:14)
2024-04-07 20:45:04,264 [INFO] PluginManage:283 - PluginManage : Loaded plugins [17]
2024-04-07 20:45:04,453 [INFO] PinOutPanel:1499 - setPackage(No Configuration,No Configuration)
2024-04-07 20:45:04,520 [INFO] CADModel:165 - CPN selected for project level
2024-04-07 20:45:04,520 [INFO] CADModel:114 - Register for checkConnection events
2024-04-07 20:45:04,544 [INFO] IPUIPlugin:80 - create IPUIPlugin
2024-04-07 20:45:04,544 [INFO] PluginManager:220 - loadIPPluginJar : add adc
2024-04-07 20:45:04,573 [INFO] IPUIPlugin:80 - create IPUIPlugin
2024-04-07 20:45:04,574 [INFO] PluginManager:220 - loadIPPluginJar : add aes
2024-04-07 20:45:04,608 [INFO] IPUIPlugin:80 - create IPUIPlugin
2024-04-07 20:45:04,608 [INFO] PluginManager:220 - loadIPPluginJar : add can
2024-04-07 20:45:04,628 [INFO] IPUIPlugin:80 - create IPUIPlugin
2024-04-07 20:45:04,628 [INFO] PluginManager:220 - loadIPPluginJar : add comp
2024-04-07 20:45:04,657 [INFO] IPUIPlugin:80 - create IPUIPlugin
2024-04-07 20:45:04,657 [INFO] PluginManager:220 - loadIPPluginJar : add cryp
2024-04-07 20:45:04,682 [INFO] IPUIPlugin:80 - create IPUIPlugin
2024-04-07 20:45:04,683 [INFO] PluginManager:220 - loadIPPluginJar : add dfsdm
2024-04-07 20:45:04,696 [INFO] IPUIPlugin:80 - create IPUIPlugin
2024-04-07 20:45:04,696 [INFO] PluginManager:220 - loadIPPluginJar : add dma
2024-04-07 20:45:04,733 [INFO] IPUIPlugin:80 - create IPUIPlugin
2024-04-07 20:45:04,733 [INFO] PluginManager:220 - loadIPPluginJar : add dma3
2024-04-07 20:45:04,751 [INFO] IPUIPlugin:80 - create IPUIPlugin
2024-04-07 20:45:04,751 [INFO] PluginManager:220 - loadIPPluginJar : add fatfs
2024-04-07 20:45:04,791 [INFO] IPUIPlugin:80 - create IPUIPlugin
2024-04-07 20:45:04,791 [INFO] PluginManager:220 - loadIPPluginJar : add fmc
2024-04-07 20:45:04,805 [INFO] IPUIPlugin:80 - create IPUIPlugin
2024-04-07 20:45:04,805 [INFO] PluginManager:220 - loadIPPluginJar : add freertos
2024-04-07 20:45:04,823 [INFO] IPUIPlugin:80 - create IPUIPlugin
2024-04-07 20:45:04,823 [INFO] PluginManager:220 - loadIPPluginJar : add genericplugin
2024-04-07 20:45:04,900 [INFO] IPUIPlugin:80 - create IPUIPlugin
2024-04-07 20:45:04,900 [INFO] PluginManager:220 - loadIPPluginJar : add gfxmmu
2024-04-07 20:45:05,013 [INFO] IPUIPlugin:80 - create IPUIPlugin
2024-04-07 20:45:05,013 [INFO] PluginManager:220 - loadIPPluginJar : add gic
2024-04-07 20:45:05,025 [INFO] IPUIPlugin:80 - create IPUIPlugin
2024-04-07 20:45:05,025 [INFO] PluginManager:220 - loadIPPluginJar : add gpio
2024-04-07 20:45:05,110 [INFO] IPUIPlugin:80 - create IPUIPlugin
2024-04-07 20:45:05,110 [INFO] PluginManager:220 - loadIPPluginJar : add gtzc
2024-04-07 20:45:05,138 [INFO] IPUIPlugin:80 - create IPUIPlugin
2024-04-07 20:45:05,138 [INFO] PluginManager:220 - loadIPPluginJar : add hash
2024-04-07 20:45:05,182 [INFO] IPUIPlugin:80 - create IPUIPlugin
2024-04-07 20:45:05,182 [INFO] PluginManager:220 - loadIPPluginJar : add i2c
2024-04-07 20:45:05,223 [INFO] IPUIPlugin:80 - create IPUIPlugin
2024-04-07 20:45:05,223 [INFO] PluginManager:220 - loadIPPluginJar : add i2s
2024-04-07 20:45:05,258 [INFO] IPUIPlugin:80 - create IPUIPlugin
2024-04-07 20:45:05,258 [INFO] PluginManager:220 - loadIPPluginJar : add i3c
2024-04-07 20:45:05,349 [INFO] IPUIPlugin:80 - create IPUIPlugin
2024-04-07 20:45:05,350 [INFO] PluginManager:220 - loadIPPluginJar : add ipddr
2024-04-07 20:45:05,425 [INFO] IPUIPlugin:80 - create IPUIPlugin
2024-04-07 20:45:05,425 [INFO] PluginManager:220 - loadIPPluginJar : add linkedlist
2024-04-07 20:45:05,454 [INFO] IPUIPlugin:80 - create IPUIPlugin
2024-04-07 20:45:05,454 [INFO] PluginManager:220 - loadIPPluginJar : add lorawan
2024-04-07 20:45:05,491 [INFO] IPUIPlugin:80 - create IPUIPlugin
2024-04-07 20:45:05,491 [INFO] PluginManager:220 - loadIPPluginJar : add ltdc
2024-04-07 20:45:05,504 [INFO] IPUIPlugin:80 - create IPUIPlugin
2024-04-07 20:45:05,504 [INFO] PluginManager:220 - loadIPPluginJar : add mdma
2024-04-07 20:45:05,515 [INFO] IPUIPlugin:80 - create IPUIPlugin
2024-04-07 20:45:05,515 [INFO] PluginManager:220 - loadIPPluginJar : add nvic
2024-04-07 20:45:05,546 [INFO] IPUIPlugin:80 - create IPUIPlugin
2024-04-07 20:45:05,546 [INFO] PluginManager:220 - loadIPPluginJar : add opamp
2024-04-07 20:45:05,598 [INFO] IPUIPlugin:80 - create IPUIPlugin
2024-04-07 20:45:05,598 [INFO] PluginManager:220 - loadIPPluginJar : add openamp
2024-04-07 20:45:05,632 [INFO] IPUIPlugin:80 - create IPUIPlugin
2024-04-07 20:45:05,632 [INFO] PluginManager:220 - loadIPPluginJar : add pdm2pcm
2024-04-07 20:45:05,646 [INFO] IPUIPlugin:80 - create IPUIPlugin
2024-04-07 20:45:05,647 [INFO] PluginManager:220 - loadIPPluginJar : add plateformsettings
2024-04-07 20:45:05,666 [INFO] IPUIPlugin:80 - create IPUIPlugin
2024-04-07 20:45:05,666 [INFO] PluginManager:220 - loadIPPluginJar : add quadspi
2024-04-07 20:45:05,678 [INFO] IPUIPlugin:80 - create IPUIPlugin
2024-04-07 20:45:05,678 [INFO] PluginManager:220 - loadIPPluginJar : add resmgrutility
2024-04-07 20:45:05,718 [INFO] IPUIPlugin:80 - create IPUIPlugin
2024-04-07 20:45:05,718 [INFO] PluginManager:220 - loadIPPluginJar : add sai
2024-04-07 20:45:05,748 [INFO] IPUIPlugin:80 - create IPUIPlugin
2024-04-07 20:45:05,748 [INFO] PluginManager:220 - loadIPPluginJar : add spi
2024-04-07 20:45:05,807 [INFO] IPUIPlugin:80 - create IPUIPlugin
2024-04-07 20:45:05,807 [INFO] PluginManager:220 - loadIPPluginJar : add stm32_wpan
2024-04-07 20:45:05,825 [INFO] IPUIPlugin:80 - create IPUIPlugin
2024-04-07 20:45:05,826 [INFO] PluginManager:220 - loadIPPluginJar : add tim
2024-04-07 20:45:05,873 [INFO] IPUIPlugin:80 - create IPUIPlugin
2024-04-07 20:45:05,873 [INFO] PluginManager:220 - loadIPPluginJar : add touchsensing
2024-04-07 20:45:05,893 [INFO] IPUIPlugin:80 - create IPUIPlugin
2024-04-07 20:45:05,893 [INFO] PluginManager:220 - loadIPPluginJar : add tracer_emb
2024-04-07 20:45:05,912 [INFO] IPUIPlugin:80 - create IPUIPlugin
2024-04-07 20:45:05,913 [INFO] PluginManager:220 - loadIPPluginJar : add ts
2024-04-07 20:45:05,930 [INFO] IPUIPlugin:80 - create IPUIPlugin
2024-04-07 20:45:05,931 [INFO] PluginManager:220 - loadIPPluginJar : add tsc
2024-04-07 20:45:05,949 [INFO] IPUIPlugin:80 - create IPUIPlugin
2024-04-07 20:45:05,949 [INFO] PluginManager:220 - loadIPPluginJar : add ucpd
2024-04-07 20:45:05,986 [INFO] IPUIPlugin:80 - create IPUIPlugin
2024-04-07 20:45:05,986 [INFO] PluginManager:220 - loadIPPluginJar : add usart
2024-04-07 20:45:06,024 [INFO] IPUIPlugin:80 - create IPUIPlugin
2024-04-07 20:45:06,024 [INFO] PluginManager:220 - loadIPPluginJar : add usbx
2024-04-07 20:45:06,140 [INFO] CADModel:165 - CPN selected for project level
2024-04-07 20:45:06,140 [INFO] CADModel:114 - Register for checkConnection events
2024-04-07 20:45:06,140 [FATAL] Updater:308 - Updater called before beeing initialized
2024-04-07 20:45:06,141 [ERROR] CADModel:125 - Updater not yet initialized, retry later 
2024-04-07 20:45:06,261 [INFO] CADModel:165 - CPN selected for project level
2024-04-07 20:45:06,261 [INFO] CADModel:114 - Register for checkConnection events
2024-04-07 20:45:06,261 [FATAL] Updater:308 - Updater called before beeing initialized
2024-04-07 20:45:06,262 [ERROR] CADModel:125 - Updater not yet initialized, retry later 
2024-04-07 20:45:06,264 [FATAL] Updater:308 - Updater called before beeing initialized
2024-04-07 20:45:06,353 [FATAL] Updater:308 - Updater called before beeing initialized
2024-04-07 20:45:06,360 [INFO] DbMcusAds:53 - JSON generation date=Wed Nov 29 04:52:27 CST 2023 (1701255147349)
2024-04-07 20:45:06,361 [FATAL] Updater:308 - Updater called before beeing initialized
2024-04-07 20:45:06,431 [WARN] DetailPanel:346 - Failed to get advertising image, set to default
2024-04-07 20:45:06,515 [FATAL] Updater:308 - Updater called before beeing initialized
2024-04-07 20:45:06,517 [FATAL] Updater:308 - Updater called before beeing initialized
2024-04-07 20:45:06,517 [FATAL] Updater:308 - Updater called before beeing initialized
2024-04-07 20:45:06,517 [WARN] DetailPanel:346 - Failed to get advertising image, set to default
2024-04-07 20:45:06,518 [FATAL] Updater:308 - Updater called before beeing initialized
2024-04-07 20:45:06,565 [ERROR] Updater:1120 - MainUpdater not yet initialized. External WinMGr cannot be set.
2024-04-07 20:45:06,575 [INFO] Updater:1056 - Updater Version found : 6.10.0
2024-04-07 20:45:06,594 [INFO] ApplicationProperties:184 - Using Application install path: C:\ST\STM32CubeIDE_1.14.1\STM32CubeIDE\plugins\com.st.stm32cube.common.mx_6.10.0.202311202037
2024-04-07 20:45:07,047 [INFO] ThirdPartyUpdaterWithRetryManager:70 - Updater plugin not ready yet. [2/15]
2024-04-07 20:45:08,170 [ERROR] LogOutputStream:75 - [STDERR_REDIRECT] Apr 07, 2024 8:45:08 PM java.util.prefs.WindowsPreferences <init>
2024-04-07 20:45:08,171 [ERROR] LogOutputStream:75 - [STDERR_REDIRECT] WARNING: Could not open/create prefs root node Software\JavaSoft\Prefs at root 0xffffffff80000002. Windows RegCreateKeyEx(...) returned error code 5.
2024-04-07 20:45:08,172 [ERROR] LogOutputStream:75 - [STDERR_REDIRECT] 
2024-04-07 20:45:08,538 [INFO] MainUpdater:2873 - connection check result : 10
2024-04-07 20:45:08,538 [INFO] MainUpdater:3567 - Updater definition file requires update
2024-04-07 20:45:08,539 [INFO] MainUpdater:290 - Updater Check For Update Now.
2024-04-07 20:45:08,539 [INFO] MicroXplorer:498 - Change Database Version : DB.6.0.100
2024-04-07 20:45:08,556 [INFO] McuFinderGlobals:63 - Set McuFinder mode to 2 (CubeIDE integrated)
2024-04-07 20:45:08,556 [INFO] UserAuth:180 - activating auth plugin
2024-04-07 20:45:08,558 [INFO] UserAuth:404 - Internet connection configuration mode: 1
2024-04-07 20:45:08,579 [INFO] JxBrowserEngine:152 - Initiate JxBrowser Engine with user profile folder
2024-04-07 20:45:08,690 [INFO] ServerAccessManage:473 - Download File updaters.zip
2024-04-07 20:45:08,814 [INFO] FileExtend:240 - Unzip File : updaters.zip
2024-04-07 20:45:08,814 [INFO] FileExtend:255 - Standard Zip Deflate
2024-04-07 20:45:09,194 [INFO] ServerAccessManage:473 - Download File PacksControlFlags.xml
2024-04-07 20:45:09,320 [INFO] ServerAccessManage:473 - Download File cubemx.pidx
2024-04-07 20:45:09,486 [INFO] LoadServerUpdatesThread:375 - End of LoadServerUpdate Thread
2024-04-07 20:45:09,691 [INFO] CheckServerUpdateThread:120 - End of CheckServer Thread
2024-04-07 20:45:10,226 [WARN] PackLoader:240 - Cannot read IP mode file for STMicroelectronics.X-CUBE-SMBUS.2.1.0
2024-04-07 20:45:10,238 [WARN] PackLoader:240 - Cannot read IP mode file for STMicroelectronics.X-CUBE-TOUCHGFX.4.23.1
2024-04-07 20:45:10,247 [WARN] PackLoader:240 - Cannot read IP mode file for STMicroelectronics.X-CUBE-TOUCHGFX.4.23.0
2024-04-07 20:45:10,254 [WARN] PackLoader:240 - Cannot read IP mode file for STMicroelectronics.X-CUBE-TOUCHGFX.4.23.2
2024-04-07 20:45:10,291 [WARN] PackLoader:240 - Cannot read IP mode file for STMicroelectronics.X-CUBE-AZRTOS-F7.1.1.0
2024-04-07 20:45:10,309 [WARN] PackLoader:240 - Cannot read IP mode file for STMicroelectronics.FP-SNS-MOTENV1.4.3.2
2024-04-07 20:45:10,322 [WARN] PackLoader:240 - Cannot read IP mode file for STMicroelectronics.FP-SNS-FLIGHT1.5.0.2
2024-04-07 20:45:10,340 [WARN] PackLoader:240 - Cannot read IP mode file for STMicroelectronics.X-CUBE-DISPLAY.3.0.0
2024-04-07 20:45:10,360 [WARN] PackLoader:240 - Cannot read IP mode file for STMicroelectronics.X-CUBE-BLE1.7.0.0
2024-04-07 20:45:10,372 [WARN] PackLoader:240 - Cannot read IP mode file for emotas.I-CUBE-CANOPEN.1.3.0
2024-04-07 20:45:10,390 [WARN] PackLoader:240 - Cannot read IP mode file for STMicroelectronics.X-CUBE-BLEMGR.3.1.0
2024-04-07 20:45:10,404 [WARN] PackLoader:240 - Cannot read IP mode file for STMicroelectronics.FP-SNS-SMARTAG2.1.2.0
2024-04-07 20:45:10,422 [INFO] LogOutputStream:77 - [STDOUT_REDIRECT] 1 : Invalid condition id : UX_CORESTACK_Condition cause : null
2024-04-07 20:45:10,423 [INFO] LogOutputStream:77 - [STDOUT_REDIRECT] 1 : Invalid condition id : UX_CORESTACK_Condition cause : null
2024-04-07 20:45:10,424 [INFO] LogOutputStream:77 - [STDOUT_REDIRECT] 1 : Invalid condition id : UX_CORESTACK_Condition cause : null
2024-04-07 20:45:10,426 [INFO] LogOutputStream:77 - [STDOUT_REDIRECT] 1 : Invalid condition id : UX_CORESTACK_Condition cause : null
2024-04-07 20:45:10,427 [INFO] LogOutputStream:77 - [STDOUT_REDIRECT] 1 : Invalid condition id : UX_CORESTACK_Condition cause : null
2024-04-07 20:45:10,432 [WARN] PackLoader:240 - Cannot read IP mode file for STMicroelectronics.X-CUBE-AZRTOS-WL.2.0.0
2024-04-07 20:45:10,448 [WARN] PackLoader:240 - Cannot read IP mode file for STMicroelectronics.FP-SNS-MOTENV1.5.0.0
2024-04-07 20:45:10,464 [WARN] PackLoader:240 - Cannot read IP mode file for WES.I-CUBE-Cesium.1.3.0
2024-04-07 20:45:10,477 [WARN] PackLoader:240 - Cannot read IP mode file for STMicroelectronics.X-CUBE-BLE2.3.3.0
2024-04-07 20:45:10,495 [WARN] PackLoader:240 - Cannot read IP mode file for STMicroelectronics.X-CUBE-ALGOBUILD.1.3.0
2024-04-07 20:45:10,528 [WARN] PackLoader:240 - Cannot read IP mode file for STMicroelectronics.X-CUBE-AZRTOS-G0.1.1.0
2024-04-07 20:45:10,549 [WARN] PackLoader:240 - Cannot read IP mode file for STMicroelectronics.X-CUBE-SAFEA1.1.2.2
2024-04-07 20:45:10,567 [WARN] PackLoader:240 - Cannot read IP mode file for STMicroelectronics.X-CUBE-NFC4.3.0.0
2024-04-07 20:45:10,584 [WARN] PackLoader:240 - Cannot read IP mode file for STMicroelectronics.X-CUBE-BLEMGR.3.0.0
2024-04-07 20:45:10,599 [WARN] PackLoader:240 - Cannot read IP mode file for STMicroelectronics.FP-ATR-SIGFOX1.3.2.0
2024-04-07 20:45:10,612 [WARN] PackLoader:240 - Cannot read IP mode file for STMicroelectronics.X-CUBE-EEPRMA1.5.1.0
2024-04-07 20:45:10,652 [WARN] PackLoader:240 - Cannot read IP mode file for SEGGER.I-CUBE-embOS.1.3.1
2024-04-07 20:45:10,703 [WARN] PackLoader:240 - Cannot read IP mode file for STMicroelectronics.X-CUBE-GNSS1.6.0.0
2024-04-07 20:45:10,737 [WARN] PackLoader:240 - Cannot read IP mode file for STMicroelectronics.X-CUBE-AZRTOS-F4.1.1.0
2024-04-07 20:45:10,751 [WARN] PackLoader:240 - Cannot read IP mode file for wolfSSL.I-CUBE-wolfSSL.5.6.6
2024-04-07 20:45:10,777 [WARN] PackLoader:240 - Cannot read IP mode file for STMicroelectronics.X-CUBE-AZRTOS-L5.2.0.0
2024-04-07 20:45:10,796 [WARN] PackLoader:240 - Cannot read IP mode file for STMicroelectronics.X-CUBE-NFC6.3.1.0
2024-04-07 20:45:10,810 [WARN] PackLoader:240 - Cannot read IP mode file for ITTIA_DB.I-CUBE-ITTIADB.8.8.0
2024-04-07 20:45:10,822 [WARN] PackLoader:240 - Cannot read IP mode file for STMicroelectronics.X-CUBE-NFC7.1.0.1
2024-04-07 20:45:10,836 [WARN] PackLoader:240 - Cannot read IP mode file for STMicroelectronics.X-CUBE-NFC6.3.0.0
2024-04-07 20:45:10,850 [WARN] PackLoader:240 - Cannot read IP mode file for STMicroelectronics.X-CUBE-AI.8.1.0
2024-04-07 20:45:10,879 [WARN] ConditionMgr:438 - getConditionDescription Invalid condition id : LAN8742 Phy interface Condition cause : null
2024-04-07 20:45:10,880 [WARN] PackLoader:240 - Cannot read IP mode file for STMicroelectronics.X-CUBE-AZRTOS-L4.2.0.0
2024-04-07 20:45:10,881 [WARN] ConditionMgr:1039 - genDependencies : Invalid condition id : LAN8742 Phy interface Condition cause : null
2024-04-07 20:45:10,881 [WARN] ConditionMgr:1039 - genDependencies : Invalid condition id : LAN8742 Phy interface Condition cause : null
2024-04-07 20:45:10,882 [WARN] ConditionMgr:1039 - genDependencies : Invalid condition id : LAN8742 Phy interface Condition cause : null
2024-04-07 20:45:10,898 [WARN] PackLoader:240 - Cannot read IP mode file for STMicroelectronics.X-CUBE-SFXS2LP1.4.0.0
2024-04-07 20:45:10,923 [WARN] ConditionMgr:438 - getConditionDescription Invalid condition id : UX DEVICE CLASS RTOS Condition cause : null
2024-04-07 20:45:10,923 [WARN] ConditionMgr:438 - getConditionDescription Invalid condition id : UX DEVICE CLASS RTOS Condition cause : null
2024-04-07 20:45:10,926 [WARN] PackLoader:240 - Cannot read IP mode file for STMicroelectronics.X-CUBE-AZRTOS-WB.2.0.0
2024-04-07 20:45:10,926 [WARN] ConditionMgr:1039 - genDependencies : Invalid condition id : UX DEVICE CLASS RTOS Condition cause : null
2024-04-07 20:45:10,926 [WARN] ConditionMgr:1039 - genDependencies : Invalid condition id : UX DEVICE CLASS RTOS Condition cause : null
2024-04-07 20:45:10,927 [WARN] ConditionMgr:1039 - genDependencies : Invalid condition id : UX DEVICE CLASS RTOS Condition cause : null
2024-04-07 20:45:10,927 [WARN] ConditionMgr:1039 - genDependencies : Invalid condition id : UX DEVICE CLASS RTOS Condition cause : null
2024-04-07 20:45:10,928 [WARN] ConditionMgr:1039 - genDependencies : Invalid condition id : UX DEVICE CLASS RTOS Condition cause : null
2024-04-07 20:45:10,949 [WARN] PackLoader:240 - Cannot read IP mode file for STMicroelectronics.X-CUBE-SUBG2.5.0.0
2024-04-07 20:45:10,984 [WARN] PackLoader:240 - Cannot read IP mode file for STMicroelectronics.X-CUBE-AZRTOS-G4.2.0.0
2024-04-07 20:45:11,005 [WARN] PackLoader:240 - Cannot read IP mode file for Infineon.AIROC-Wi-Fi-Bluetooth-STM32.1.5.1
2024-04-07 20:45:11,019 [WARN] PackLoader:240 - Cannot read IP mode file for STMicroelectronics.FP-SNS-MOTENVWB1.1.3.1
2024-04-07 20:45:11,030 [WARN] PackLoader:240 - Cannot read IP mode file for STMicroelectronics.X-CUBE-ISPU.2.0.0
2024-04-07 20:45:11,075 [WARN] PackLoader:240 - Cannot read IP mode file for STMicroelectronics.X-CUBE-MEMS1.10.0.0
2024-04-07 20:45:11,176 [WARN] PackLoader:240 - Cannot read IP mode file for STMicroelectronics.X-CUBE-FREERTOS.1.1.0
2024-04-07 20:45:11,187 [WARN] PackLoader:240 - Cannot read IP mode file for portGmbH.I-Cube-SoM-uGOAL.1.1.0
2024-04-07 20:45:11,197 [WARN] PackLoader:240 - Cannot read IP mode file for STMicroelectronics.X-CUBE-ALS.1.0.1
2024-04-07 20:45:11,207 [WARN] PackLoader:240 - Cannot read IP mode file for STMicroelectronics.FP-ATR-ASTRA1.2.0.0
2024-04-07 20:45:11,225 [WARN] PackLoader:240 - Cannot read IP mode file for STMicroelectronics.X-CUBE-TOF1.3.4.0
2024-04-07 20:45:11,249 [WARN] PackLoader:240 - Cannot read IP mode file for STMicroelectronics.X-CUBE-TOF1.3.4.1
2024-04-07 20:45:11,287 [WARN] PackLoader:240 - Cannot read IP mode file for STMicroelectronics.X-CUBE-AZRTOS-H7.3.2.0
2024-04-07 20:45:11,289 [INFO] ThirdParty:978 - Integrity check success = true
2024-04-07 20:45:11,289 [INFO] IntegrityCheckThread:100 - exiting critical section [integrity check]
2024-04-07 20:45:11,289 [INFO] IntegrityCheckThread:103 - End integrity checks thread
2024-04-07 20:45:12,226 [INFO] WebApp:161 - Instantiating new browser for Auth
2024-04-07 20:45:12,803 [INFO] WebApp:780 - Register for checkConnection events
2024-04-07 20:45:12,803 [INFO] WebApp:414 - Apply proxy settings
2024-04-07 20:45:12,803 [INFO] WebApp:499 - Chromium requires no authentication
2024-04-07 20:45:12,810 [INFO] WebApp:442 - Direct internet connection detected
2024-04-07 20:45:12,960 [INFO] WebApp:192 - Starting web application
2024-04-07 20:45:12,960 [INFO] WebApp:544 - Web application path used C:\ST\STM32CubeIDE_1.14.1\STM32CubeIDE\plugins\com.st.stm32cube.common.mx_6.10.0.202311202037\db\plugins\mcufinder\reactClient1\index.html
2024-04-07 20:45:33,690 [ERROR] LogOutputStream:75 - [STDERR_REDIRECT] SLF4J: Failed to load class "org.slf4j.impl.StaticLoggerBinder".
2024-04-07 20:45:33,691 [ERROR] LogOutputStream:75 - [STDERR_REDIRECT] SLF4J: Defaulting to no-operation (NOP) logger implementation
2024-04-07 20:45:33,692 [ERROR] LogOutputStream:75 - [STDERR_REDIRECT] SLF4J: See http://www.slf4j.org/codes.html#StaticLoggerBinder for further details.
