2024-04-08 20:37:37,067 [INFO] Activator:176 - 


2024-04-08 20:37:37,072 [INFO] Activator:177 - !SESSION log4j initialized
2024-04-08 20:37:42,523 [INFO] LogOutputStream:77 - [STDOUT_REDIRECT] 
2024-04-08 20:37:43,703 [INFO] ApplicationProperties:184 - Using Application install path: C:\ST\STM32CubeIDE_1.14.1\STM32CubeIDE\plugins\com.st.stm32cube.common.mx_6.10.0.202311202037
2024-04-08 20:37:43,755 [INFO] DbMcusXml:78 - Set database path to: C:\ST\STM32CubeIDE_1.14.1\STM32CubeIDE\plugins\com.st.stm32cube.common.mx_6.10.0.202311202037\\db\/mcu/
2024-04-08 20:37:43,756 [INFO] ApiDb:274 - Set plugin database path to: C:\ST\STM32CubeIDE_1.14.1\STM32CubeIDE\plugins\com.st.stm32cube.common.mx_6.10.0.202311202037\\db\/plugins/boardmanager/
2024-04-08 20:37:43,756 [WARN] ApiDb:259 - Overriding images path with different value:  => C:\ST\STM32CubeIDE_1.14.1\STM32CubeIDE\plugins\com.st.stm32cube.common.mx_6.10.0.202311202037\\db\/plugins/mcufinder/images/
2024-04-08 20:37:43,767 [INFO] ApiDb:250 - Set database path to: C:\Users\tjdtj\.stmcufinder\plugins\mcufinder//mcu/
2024-04-08 20:37:43,768 [INFO] DbMcusAds:125 - Set database path to: C:\Users\tjdtj\.stmcufinder\plugins\mcufinder//mcu/
2024-04-08 20:37:43,770 [INFO] CrossReferenceDbSqlite:203 - Set database path to: C:\Users\tjdtj\.stmcufinder\plugins\mcufinder//mcu/cs/
2024-04-08 20:37:43,937 [INFO] RulesReader:64 - Compatibility file has been processed (297 Rules)
2024-04-08 20:37:44,046 [INFO] DbMcusXml:78 - Set database path to: C:\ST\STM32CubeIDE_1.14.1\STM32CubeIDE\plugins\com.st.stm32cube.common.mx_6.10.0.202311202037\\db\/mcu/
2024-04-08 20:37:44,046 [INFO] ApiDb:274 - Set plugin database path to: C:\ST\STM32CubeIDE_1.14.1\STM32CubeIDE\plugins\com.st.stm32cube.common.mx_6.10.0.202311202037\\db\/plugins/boardmanager/
2024-04-08 20:37:44,046 [INFO] ApiDb:261 - Set plugin images path to: C:\ST\STM32CubeIDE_1.14.1\STM32CubeIDE\plugins\com.st.stm32cube.common.mx_6.10.0.202311202037\\db\/plugins/mcufinder/images/
2024-04-08 20:37:44,046 [WARN] DbFile:41 - Overriding database path with different value: C:\Users\tjdtj\.stmcufinder\plugins\mcufinder/ => C:\Users\tjdtj\.stmcufinder\plugins\mcufinder
2024-04-08 20:37:44,046 [INFO] ApiDb:250 - Set database path to: C:\Users\tjdtj\.stmcufinder\plugins\mcufinder//mcu/
2024-04-08 20:37:44,047 [WARN] DbFile:41 - Overriding database path with different value: C:\Users\tjdtj\.stmcufinder\plugins\mcufinder/ => C:\Users\tjdtj\.stmcufinder\plugins\mcufinder
2024-04-08 20:37:44,047 [INFO] DbMcusAds:125 - Set database path to: C:\Users\tjdtj\.stmcufinder\plugins\mcufinder//mcu/
2024-04-08 20:37:44,047 [WARN] DbFile:41 - Overriding database path with different value: C:\Users\tjdtj\.stmcufinder\plugins\mcufinder/ => C:\Users\tjdtj\.stmcufinder\plugins\mcufinder
2024-04-08 20:37:44,047 [WARN] DbFile:41 - Overriding database path with different value: C:\Users\tjdtj\.stmcufinder\plugins\mcufinder/ => C:\Users\tjdtj\.stmcufinder\plugins\mcufinder
2024-04-08 20:37:44,047 [INFO] CrossReferenceDbSqlite:203 - Set database path to: C:\Users\tjdtj\.stmcufinder\plugins\mcufinder//mcu/cs/
2024-04-08 20:37:44,151 [INFO] MainPanel:264 - HeapMemory: 268435456
2024-04-08 20:37:44,250 [INFO] DbMcusXml:78 - Set database path to: C:\ST\STM32CubeIDE_1.14.1\STM32CubeIDE\plugins\com.st.stm32cube.common.mx_6.10.0.202311202037\\db\/mcu/
2024-04-08 20:37:44,250 [INFO] ApiDb:274 - Set plugin database path to: C:\ST\STM32CubeIDE_1.14.1\STM32CubeIDE\plugins\com.st.stm32cube.common.mx_6.10.0.202311202037\\db\/plugins/boardmanager/
2024-04-08 20:37:44,250 [INFO] ApiDb:261 - Set plugin images path to: C:\ST\STM32CubeIDE_1.14.1\STM32CubeIDE\plugins\com.st.stm32cube.common.mx_6.10.0.202311202037\\db\/plugins/mcufinder/images/
2024-04-08 20:37:44,250 [WARN] DbFile:41 - Overriding database path with different value: C:\Users\tjdtj\.stmcufinder\plugins\mcufinder/ => C:\Users\tjdtj\.stmcufinder\plugins\mcufinder
2024-04-08 20:37:44,250 [INFO] ApiDb:250 - Set database path to: C:\Users\tjdtj\.stmcufinder\plugins\mcufinder//mcu/
2024-04-08 20:37:44,251 [WARN] DbFile:41 - Overriding database path with different value: C:\Users\tjdtj\.stmcufinder\plugins\mcufinder/ => C:\Users\tjdtj\.stmcufinder\plugins\mcufinder
2024-04-08 20:37:44,251 [INFO] DbMcusAds:125 - Set database path to: C:\Users\tjdtj\.stmcufinder\plugins\mcufinder//mcu/
2024-04-08 20:37:44,251 [WARN] DbFile:41 - Overriding database path with different value: C:\Users\tjdtj\.stmcufinder\plugins\mcufinder/ => C:\Users\tjdtj\.stmcufinder\plugins\mcufinder
2024-04-08 20:37:44,251 [WARN] DbFile:41 - Overriding database path with different value: C:\Users\tjdtj\.stmcufinder\plugins\mcufinder/ => C:\Users\tjdtj\.stmcufinder\plugins\mcufinder
2024-04-08 20:37:44,251 [INFO] CrossReferenceDbSqlite:203 - Set database path to: C:\Users\tjdtj\.stmcufinder\plugins\mcufinder//mcu/cs/
2024-04-08 20:37:44,268 [INFO] ApplicationProperties:184 - Using Application install path: C:\ST\STM32CubeIDE_1.14.1\STM32CubeIDE\plugins\com.st.stm32cube.common.mx_6.10.0.202311202037
2024-04-08 20:37:44,276 [INFO] PluginManage:196 - Search for loadable plugins [exclusion list=, ]
2024-04-08 20:37:44,277 [INFO] PluginManage:310 - Check plugin analytics
2024-04-08 20:37:44,423 [INFO] AnalyticsPlugin:253 - Accepted Software Licenses: 
2024-04-08 20:37:44,423 [INFO] AnalyticsPlugin:255 - Accepted CMSIS Pack Licenses: 
2024-04-08 20:37:44,423 [INFO] AnalyticsPlugin:257 - Accepted Firmware Licenses: 
2024-04-08 20:37:44,425 [INFO] PluginManage:359 - Loaded plugin analytics (category:tool,tabindex:-1)
2024-04-08 20:37:44,425 [INFO] PluginManage:310 - Check plugin cadmodel
2024-04-08 20:37:44,442 [INFO] CADModel:105 - Init CAD model plugin
2024-04-08 20:37:44,443 [INFO] PluginManage:359 - Loaded plugin cadmodel (category:power,tabindex:5)
2024-04-08 20:37:44,443 [INFO] PluginManage:310 - Check plugin clock
2024-04-08 20:37:44,467 [INFO] PluginManage:359 - Loaded plugin clock (category:base,tabindex:2)
2024-04-08 20:37:44,468 [INFO] PluginManage:310 - Check plugin ddr
2024-04-08 20:37:44,469 [INFO] PluginManage:359 - Loaded plugin ddr (category:tool,tabindex:6)
2024-04-08 20:37:44,470 [INFO] PluginManage:310 - Check plugin filemanager
2024-04-08 20:37:44,633 [INFO] PluginManage:359 - Loaded plugin filemanager (category:base,tabindex:10)
2024-04-08 20:37:44,633 [INFO] PluginManage:310 - Check plugin ipmanager
2024-04-08 20:37:44,639 [INFO] PluginManage:359 - Loaded plugin ipmanager (category:base,tabindex:5)
2024-04-08 20:37:44,639 [INFO] PluginManage:310 - Check plugin lpbam
2024-04-08 20:37:44,653 [INFO] PluginManage:359 - Loaded plugin lpbam (category:base,tabindex:0)
2024-04-08 20:37:44,654 [INFO] PluginManage:310 - Check plugin memorymap
2024-04-08 20:37:44,692 [INFO] PluginManage:359 - Loaded plugin memorymap (category:base,tabindex:4)
2024-04-08 20:37:44,692 [INFO] PluginManage:310 - Check plugin pinoutandconfiguration
2024-04-08 20:37:44,707 [INFO] PluginManage:359 - Loaded plugin pinoutandconfiguration (category:base,tabindex:1)
2024-04-08 20:37:44,707 [INFO] PluginManage:310 - Check plugin pinoutconfig
2024-04-08 20:37:44,840 [WARN] SupportedApi:132 - Cannot load RTOS API schema: s4s-elt-must-match.1: The content of 'definitions' must match (annotation?, (simpleType | complexType)?, (unique | key | keyref)*)). A problem was found starting at: attribute.
2024-04-08 20:37:45,010 [INFO] PluginManage:359 - Loaded plugin pinoutconfig (category:base,tabindex:0)
2024-04-08 20:37:45,010 [INFO] PluginManage:310 - Check plugin power
2024-04-08 20:37:45,027 [INFO] PluginManage:359 - Loaded plugin power (category:power,tabindex:4)
2024-04-08 20:37:45,027 [INFO] PluginManage:310 - Check plugin projectmanager
2024-04-08 20:37:45,039 [INFO] PluginManage:359 - Loaded plugin projectmanager (category:projectmanager,tabindex:3)
2024-04-08 20:37:45,040 [INFO] PluginManage:310 - Check plugin thirdparty
2024-04-08 20:37:45,263 [INFO] PluginManage:359 - Loaded plugin thirdparty (category:base,tabindex:-1)
2024-04-08 20:37:45,263 [WARN] IntegrityCheckThread:84 - waiting for thirdparty lock release [integrity check]
2024-04-08 20:37:45,263 [INFO] PluginManage:310 - Check plugin tools
2024-04-08 20:37:45,263 [INFO] IntegrityCheckThread:86 - entering critical section [integrity check]
2024-04-08 20:37:45,264 [INFO] ThirdPartyUpdaterWithRetryManager:70 - Updater plugin not ready yet. [1/15]
2024-04-08 20:37:45,291 [INFO] PluginManage:359 - Loaded plugin tools (category:base,tabindex:7)
2024-04-08 20:37:45,291 [INFO] PluginManage:310 - Check plugin tutovideos
2024-04-08 20:37:45,624 [INFO] PluginManage:359 - Loaded plugin tutovideos (category:base,tabindex:-1)
2024-04-08 20:37:45,624 [INFO] PluginManage:310 - Check plugin updater
2024-04-08 20:37:45,635 [INFO] PluginManage:359 - Loaded plugin updater (category:base,tabindex:12)
2024-04-08 20:37:45,636 [INFO] PluginManage:310 - Check plugin userauth
2024-04-08 20:37:45,641 [INFO] UserAuth:114 - Init User Auth plugin
2024-04-08 20:37:45,641 [INFO] PluginManage:359 - Loaded plugin userauth (category:base,tabindex:14)
2024-04-08 20:37:45,641 [INFO] PluginManage:283 - PluginManage : Loaded plugins [17]
2024-04-08 20:37:45,899 [INFO] PinOutPanel:1499 - setPackage(No Configuration,No Configuration)
2024-04-08 20:37:45,966 [INFO] CADModel:165 - CPN selected for project level
2024-04-08 20:37:45,966 [INFO] CADModel:114 - Register for checkConnection events
2024-04-08 20:37:46,003 [INFO] IPUIPlugin:80 - create IPUIPlugin
2024-04-08 20:37:46,004 [INFO] PluginManager:220 - loadIPPluginJar : add adc
2024-04-08 20:37:46,032 [INFO] IPUIPlugin:80 - create IPUIPlugin
2024-04-08 20:37:46,033 [INFO] PluginManager:220 - loadIPPluginJar : add aes
2024-04-08 20:37:46,065 [INFO] IPUIPlugin:80 - create IPUIPlugin
2024-04-08 20:37:46,066 [INFO] PluginManager:220 - loadIPPluginJar : add can
2024-04-08 20:37:46,084 [INFO] IPUIPlugin:80 - create IPUIPlugin
2024-04-08 20:37:46,084 [INFO] PluginManager:220 - loadIPPluginJar : add comp
2024-04-08 20:37:46,112 [INFO] IPUIPlugin:80 - create IPUIPlugin
2024-04-08 20:37:46,112 [INFO] PluginManager:220 - loadIPPluginJar : add cryp
2024-04-08 20:37:46,138 [INFO] IPUIPlugin:80 - create IPUIPlugin
2024-04-08 20:37:46,138 [INFO] PluginManager:220 - loadIPPluginJar : add dfsdm
2024-04-08 20:37:46,150 [INFO] IPUIPlugin:80 - create IPUIPlugin
2024-04-08 20:37:46,150 [INFO] PluginManager:220 - loadIPPluginJar : add dma
2024-04-08 20:37:46,185 [INFO] IPUIPlugin:80 - create IPUIPlugin
2024-04-08 20:37:46,185 [INFO] PluginManager:220 - loadIPPluginJar : add dma3
2024-04-08 20:37:46,202 [INFO] IPUIPlugin:80 - create IPUIPlugin
2024-04-08 20:37:46,202 [INFO] PluginManager:220 - loadIPPluginJar : add fatfs
2024-04-08 20:37:46,240 [INFO] IPUIPlugin:80 - create IPUIPlugin
2024-04-08 20:37:46,240 [INFO] PluginManager:220 - loadIPPluginJar : add fmc
2024-04-08 20:37:46,253 [INFO] IPUIPlugin:80 - create IPUIPlugin
2024-04-08 20:37:46,253 [INFO] PluginManager:220 - loadIPPluginJar : add freertos
2024-04-08 20:37:46,270 [INFO] IPUIPlugin:80 - create IPUIPlugin
2024-04-08 20:37:46,270 [INFO] PluginManager:220 - loadIPPluginJar : add genericplugin
2024-04-08 20:37:46,344 [INFO] IPUIPlugin:80 - create IPUIPlugin
2024-04-08 20:37:46,344 [INFO] PluginManager:220 - loadIPPluginJar : add gfxmmu
2024-04-08 20:37:46,449 [INFO] IPUIPlugin:80 - create IPUIPlugin
2024-04-08 20:37:46,449 [INFO] PluginManager:220 - loadIPPluginJar : add gic
2024-04-08 20:37:46,460 [INFO] IPUIPlugin:80 - create IPUIPlugin
2024-04-08 20:37:46,460 [INFO] PluginManager:220 - loadIPPluginJar : add gpio
2024-04-08 20:37:46,535 [INFO] IPUIPlugin:80 - create IPUIPlugin
2024-04-08 20:37:46,535 [INFO] PluginManager:220 - loadIPPluginJar : add gtzc
2024-04-08 20:37:46,570 [INFO] IPUIPlugin:80 - create IPUIPlugin
2024-04-08 20:37:46,570 [INFO] PluginManager:220 - loadIPPluginJar : add hash
2024-04-08 20:37:46,613 [INFO] IPUIPlugin:80 - create IPUIPlugin
2024-04-08 20:37:46,614 [INFO] PluginManager:220 - loadIPPluginJar : add i2c
2024-04-08 20:37:46,645 [INFO] IPUIPlugin:80 - create IPUIPlugin
2024-04-08 20:37:46,645 [INFO] PluginManager:220 - loadIPPluginJar : add i2s
2024-04-08 20:37:46,679 [INFO] IPUIPlugin:80 - create IPUIPlugin
2024-04-08 20:37:46,679 [INFO] PluginManager:220 - loadIPPluginJar : add i3c
2024-04-08 20:37:46,773 [INFO] IPUIPlugin:80 - create IPUIPlugin
2024-04-08 20:37:46,773 [INFO] PluginManager:220 - loadIPPluginJar : add ipddr
2024-04-08 20:37:46,848 [INFO] IPUIPlugin:80 - create IPUIPlugin
2024-04-08 20:37:46,848 [INFO] PluginManager:220 - loadIPPluginJar : add linkedlist
2024-04-08 20:37:46,876 [INFO] IPUIPlugin:80 - create IPUIPlugin
2024-04-08 20:37:46,876 [INFO] PluginManager:220 - loadIPPluginJar : add lorawan
2024-04-08 20:37:46,906 [INFO] IPUIPlugin:80 - create IPUIPlugin
2024-04-08 20:37:46,906 [INFO] PluginManager:220 - loadIPPluginJar : add ltdc
2024-04-08 20:37:46,917 [INFO] IPUIPlugin:80 - create IPUIPlugin
2024-04-08 20:37:46,917 [INFO] PluginManager:220 - loadIPPluginJar : add mdma
2024-04-08 20:37:46,932 [INFO] IPUIPlugin:80 - create IPUIPlugin
2024-04-08 20:37:46,932 [INFO] PluginManager:220 - loadIPPluginJar : add nvic
2024-04-08 20:37:46,960 [INFO] IPUIPlugin:80 - create IPUIPlugin
2024-04-08 20:37:46,960 [INFO] PluginManager:220 - loadIPPluginJar : add opamp
2024-04-08 20:37:47,008 [INFO] IPUIPlugin:80 - create IPUIPlugin
2024-04-08 20:37:47,009 [INFO] PluginManager:220 - loadIPPluginJar : add openamp
2024-04-08 20:37:47,043 [INFO] IPUIPlugin:80 - create IPUIPlugin
2024-04-08 20:37:47,043 [INFO] PluginManager:220 - loadIPPluginJar : add pdm2pcm
2024-04-08 20:37:47,055 [INFO] IPUIPlugin:80 - create IPUIPlugin
2024-04-08 20:37:47,057 [INFO] PluginManager:220 - loadIPPluginJar : add plateformsettings
2024-04-08 20:37:47,074 [INFO] IPUIPlugin:80 - create IPUIPlugin
2024-04-08 20:37:47,075 [INFO] PluginManager:220 - loadIPPluginJar : add quadspi
2024-04-08 20:37:47,088 [INFO] IPUIPlugin:80 - create IPUIPlugin
2024-04-08 20:37:47,088 [INFO] PluginManager:220 - loadIPPluginJar : add resmgrutility
2024-04-08 20:37:47,129 [INFO] IPUIPlugin:80 - create IPUIPlugin
2024-04-08 20:37:47,129 [INFO] PluginManager:220 - loadIPPluginJar : add sai
2024-04-08 20:37:47,159 [INFO] IPUIPlugin:80 - create IPUIPlugin
2024-04-08 20:37:47,160 [INFO] PluginManager:220 - loadIPPluginJar : add spi
2024-04-08 20:37:47,217 [INFO] IPUIPlugin:80 - create IPUIPlugin
2024-04-08 20:37:47,217 [INFO] PluginManager:220 - loadIPPluginJar : add stm32_wpan
2024-04-08 20:37:47,235 [INFO] IPUIPlugin:80 - create IPUIPlugin
2024-04-08 20:37:47,235 [INFO] PluginManager:220 - loadIPPluginJar : add tim
2024-04-08 20:37:47,281 [INFO] IPUIPlugin:80 - create IPUIPlugin
2024-04-08 20:37:47,281 [INFO] PluginManager:220 - loadIPPluginJar : add touchsensing
2024-04-08 20:37:47,299 [INFO] IPUIPlugin:80 - create IPUIPlugin
2024-04-08 20:37:47,299 [INFO] PluginManager:220 - loadIPPluginJar : add tracer_emb
2024-04-08 20:37:47,317 [INFO] IPUIPlugin:80 - create IPUIPlugin
2024-04-08 20:37:47,317 [INFO] PluginManager:220 - loadIPPluginJar : add ts
2024-04-08 20:37:47,335 [INFO] IPUIPlugin:80 - create IPUIPlugin
2024-04-08 20:37:47,335 [INFO] PluginManager:220 - loadIPPluginJar : add tsc
2024-04-08 20:37:47,353 [INFO] IPUIPlugin:80 - create IPUIPlugin
2024-04-08 20:37:47,354 [INFO] PluginManager:220 - loadIPPluginJar : add ucpd
2024-04-08 20:37:47,390 [INFO] IPUIPlugin:80 - create IPUIPlugin
2024-04-08 20:37:47,390 [INFO] PluginManager:220 - loadIPPluginJar : add usart
2024-04-08 20:37:47,427 [INFO] IPUIPlugin:80 - create IPUIPlugin
2024-04-08 20:37:47,427 [INFO] PluginManager:220 - loadIPPluginJar : add usbx
2024-04-08 20:37:47,545 [INFO] CADModel:165 - CPN selected for project level
2024-04-08 20:37:47,545 [INFO] CADModel:114 - Register for checkConnection events
2024-04-08 20:37:47,545 [FATAL] Updater:308 - Updater called before beeing initialized
2024-04-08 20:37:47,545 [ERROR] CADModel:125 - Updater not yet initialized, retry later 
2024-04-08 20:37:47,670 [INFO] CADModel:165 - CPN selected for project level
2024-04-08 20:37:47,670 [INFO] CADModel:114 - Register for checkConnection events
2024-04-08 20:37:47,670 [FATAL] Updater:308 - Updater called before beeing initialized
2024-04-08 20:37:47,671 [ERROR] CADModel:125 - Updater not yet initialized, retry later 
2024-04-08 20:37:47,673 [FATAL] Updater:308 - Updater called before beeing initialized
2024-04-08 20:37:47,768 [FATAL] Updater:308 - Updater called before beeing initialized
2024-04-08 20:37:47,775 [INFO] DbMcusAds:53 - JSON generation date=Wed Nov 29 04:52:27 CST 2023 (1701255147349)
2024-04-08 20:37:47,775 [FATAL] Updater:308 - Updater called before beeing initialized
2024-04-08 20:37:47,843 [WARN] DetailPanel:346 - Failed to get advertising image, set to default
2024-04-08 20:37:47,958 [FATAL] Updater:308 - Updater called before beeing initialized
2024-04-08 20:37:47,960 [FATAL] Updater:308 - Updater called before beeing initialized
2024-04-08 20:37:47,960 [FATAL] Updater:308 - Updater called before beeing initialized
2024-04-08 20:37:47,960 [WARN] DetailPanel:346 - Failed to get advertising image, set to default
2024-04-08 20:37:47,961 [FATAL] Updater:308 - Updater called before beeing initialized
2024-04-08 20:37:48,012 [ERROR] Updater:1120 - MainUpdater not yet initialized. External WinMGr cannot be set.
2024-04-08 20:37:48,021 [INFO] Updater:1056 - Updater Version found : 6.10.0
2024-04-08 20:37:48,040 [INFO] ApplicationProperties:184 - Using Application install path: C:\ST\STM32CubeIDE_1.14.1\STM32CubeIDE\plugins\com.st.stm32cube.common.mx_6.10.0.202311202037
2024-04-08 20:37:48,265 [INFO] ThirdPartyUpdaterWithRetryManager:70 - Updater plugin not ready yet. [2/15]
2024-04-08 20:37:49,615 [ERROR] LogOutputStream:75 - [STDERR_REDIRECT] Apr 08, 2024 8:37:49 PM java.util.prefs.WindowsPreferences <init>
2024-04-08 20:37:49,616 [ERROR] LogOutputStream:75 - [STDERR_REDIRECT] WARNING: Could not open/create prefs root node Software\JavaSoft\Prefs at root 0xffffffff80000002. Windows RegCreateKeyEx(...) returned error code 5.
2024-04-08 20:37:49,616 [ERROR] LogOutputStream:75 - [STDERR_REDIRECT] 
2024-04-08 20:37:50,109 [INFO] MainUpdater:2873 - connection check result : 10
2024-04-08 20:37:50,109 [INFO] MainUpdater:290 - Updater Check For Update Now.
2024-04-08 20:37:50,110 [INFO] MicroXplorer:498 - Change Database Version : DB.6.0.100
2024-04-08 20:37:50,124 [INFO] McuFinderGlobals:63 - Set McuFinder mode to 2 (CubeIDE integrated)
2024-04-08 20:37:50,124 [INFO] UserAuth:180 - activating auth plugin
2024-04-08 20:37:50,126 [INFO] UserAuth:404 - Internet connection configuration mode: 1
2024-04-08 20:37:50,167 [INFO] JxBrowserEngine:152 - Initiate JxBrowser Engine with user profile folder
2024-04-08 20:37:50,300 [INFO] CheckServerUpdateThread:120 - End of CheckServer Thread
2024-04-08 20:37:51,454 [WARN] PackLoader:240 - Cannot read IP mode file for STMicroelectronics.X-CUBE-SMBUS.2.1.0
2024-04-08 20:37:51,466 [WARN] PackLoader:240 - Cannot read IP mode file for STMicroelectronics.X-CUBE-TOUCHGFX.4.23.1
2024-04-08 20:37:51,475 [WARN] PackLoader:240 - Cannot read IP mode file for STMicroelectronics.X-CUBE-TOUCHGFX.4.23.0
2024-04-08 20:37:51,484 [WARN] PackLoader:240 - Cannot read IP mode file for STMicroelectronics.X-CUBE-TOUCHGFX.4.23.2
2024-04-08 20:37:51,524 [WARN] PackLoader:240 - Cannot read IP mode file for STMicroelectronics.X-CUBE-AZRTOS-F7.1.1.0
2024-04-08 20:37:51,540 [WARN] PackLoader:240 - Cannot read IP mode file for STMicroelectronics.FP-SNS-MOTENV1.4.3.2
2024-04-08 20:37:51,552 [WARN] PackLoader:240 - Cannot read IP mode file for STMicroelectronics.FP-SNS-FLIGHT1.5.0.2
2024-04-08 20:37:51,567 [WARN] PackLoader:240 - Cannot read IP mode file for STMicroelectronics.X-CUBE-DISPLAY.3.0.0
2024-04-08 20:37:51,586 [WARN] PackLoader:240 - Cannot read IP mode file for STMicroelectronics.X-CUBE-BLE1.7.0.0
2024-04-08 20:37:51,599 [WARN] PackLoader:240 - Cannot read IP mode file for emotas.I-CUBE-CANOPEN.1.3.0
2024-04-08 20:37:51,620 [WARN] PackLoader:240 - Cannot read IP mode file for STMicroelectronics.X-CUBE-BLEMGR.3.1.0
2024-04-08 20:37:51,633 [WARN] PackLoader:240 - Cannot read IP mode file for STMicroelectronics.FP-SNS-SMARTAG2.1.2.0
2024-04-08 20:37:51,651 [INFO] LogOutputStream:77 - [STDOUT_REDIRECT] 1 : Invalid condition id : UX_CORESTACK_Condition cause : null
2024-04-08 20:37:51,652 [INFO] LogOutputStream:77 - [STDOUT_REDIRECT] 1 : Invalid condition id : UX_CORESTACK_Condition cause : null
2024-04-08 20:37:51,653 [INFO] LogOutputStream:77 - [STDOUT_REDIRECT] 1 : Invalid condition id : UX_CORESTACK_Condition cause : null
2024-04-08 20:37:51,654 [INFO] LogOutputStream:77 - [STDOUT_REDIRECT] 1 : Invalid condition id : UX_CORESTACK_Condition cause : null
2024-04-08 20:37:51,654 [INFO] LogOutputStream:77 - [STDOUT_REDIRECT] 1 : Invalid condition id : UX_CORESTACK_Condition cause : null
2024-04-08 20:37:51,657 [WARN] PackLoader:240 - Cannot read IP mode file for STMicroelectronics.X-CUBE-AZRTOS-WL.2.0.0
2024-04-08 20:37:51,670 [WARN] PackLoader:240 - Cannot read IP mode file for STMicroelectronics.FP-SNS-MOTENV1.5.0.0
2024-04-08 20:37:51,689 [WARN] PackLoader:240 - Cannot read IP mode file for WES.I-CUBE-Cesium.1.3.0
2024-04-08 20:37:51,702 [WARN] PackLoader:240 - Cannot read IP mode file for STMicroelectronics.X-CUBE-BLE2.3.3.0
2024-04-08 20:37:51,713 [WARN] PackLoader:240 - Cannot read IP mode file for STMicroelectronics.X-CUBE-ALGOBUILD.1.3.0
2024-04-08 20:37:51,736 [WARN] PackLoader:240 - Cannot read IP mode file for STMicroelectronics.X-CUBE-AZRTOS-G0.1.1.0
2024-04-08 20:37:51,753 [WARN] PackLoader:240 - Cannot read IP mode file for STMicroelectronics.X-CUBE-SAFEA1.1.2.2
2024-04-08 20:37:51,765 [WARN] PackLoader:240 - Cannot read IP mode file for STMicroelectronics.X-CUBE-NFC4.3.0.0
2024-04-08 20:37:51,779 [WARN] PackLoader:240 - Cannot read IP mode file for STMicroelectronics.X-CUBE-BLEMGR.3.0.0
2024-04-08 20:37:51,789 [WARN] PackLoader:240 - Cannot read IP mode file for STMicroelectronics.FP-ATR-SIGFOX1.3.2.0
2024-04-08 20:37:51,803 [WARN] PackLoader:240 - Cannot read IP mode file for STMicroelectronics.X-CUBE-EEPRMA1.5.1.0
2024-04-08 20:37:51,839 [WARN] PackLoader:240 - Cannot read IP mode file for SEGGER.I-CUBE-embOS.1.3.1
2024-04-08 20:37:51,880 [WARN] PackLoader:240 - Cannot read IP mode file for STMicroelectronics.X-CUBE-GNSS1.6.0.0
2024-04-08 20:37:51,906 [WARN] PackLoader:240 - Cannot read IP mode file for STMicroelectronics.X-CUBE-AZRTOS-F4.1.1.0
2024-04-08 20:37:51,918 [WARN] PackLoader:240 - Cannot read IP mode file for wolfSSL.I-CUBE-wolfSSL.5.6.6
2024-04-08 20:37:51,942 [WARN] PackLoader:240 - Cannot read IP mode file for STMicroelectronics.X-CUBE-AZRTOS-L5.2.0.0
2024-04-08 20:37:51,958 [WARN] PackLoader:240 - Cannot read IP mode file for STMicroelectronics.X-CUBE-NFC6.3.1.0
2024-04-08 20:37:51,970 [WARN] PackLoader:240 - Cannot read IP mode file for ITTIA_DB.I-CUBE-ITTIADB.8.8.0
2024-04-08 20:37:51,981 [WARN] PackLoader:240 - Cannot read IP mode file for STMicroelectronics.X-CUBE-NFC7.1.0.1
2024-04-08 20:37:51,992 [WARN] PackLoader:240 - Cannot read IP mode file for STMicroelectronics.X-CUBE-NFC6.3.0.0
2024-04-08 20:37:52,003 [WARN] PackLoader:240 - Cannot read IP mode file for STMicroelectronics.X-CUBE-AI.8.1.0
2024-04-08 20:37:52,027 [WARN] ConditionMgr:438 - getConditionDescription Invalid condition id : LAN8742 Phy interface Condition cause : null
2024-04-08 20:37:52,027 [WARN] PackLoader:240 - Cannot read IP mode file for STMicroelectronics.X-CUBE-AZRTOS-L4.2.0.0
2024-04-08 20:37:52,028 [WARN] ConditionMgr:1039 - genDependencies : Invalid condition id : LAN8742 Phy interface Condition cause : null
2024-04-08 20:37:52,028 [WARN] ConditionMgr:1039 - genDependencies : Invalid condition id : LAN8742 Phy interface Condition cause : null
2024-04-08 20:37:52,029 [WARN] ConditionMgr:1039 - genDependencies : Invalid condition id : LAN8742 Phy interface Condition cause : null
2024-04-08 20:37:52,042 [WARN] PackLoader:240 - Cannot read IP mode file for STMicroelectronics.X-CUBE-SFXS2LP1.4.0.0
2024-04-08 20:37:52,065 [WARN] ConditionMgr:438 - getConditionDescription Invalid condition id : UX DEVICE CLASS RTOS Condition cause : null
2024-04-08 20:37:52,065 [WARN] ConditionMgr:438 - getConditionDescription Invalid condition id : UX DEVICE CLASS RTOS Condition cause : null
2024-04-08 20:37:52,067 [WARN] PackLoader:240 - Cannot read IP mode file for STMicroelectronics.X-CUBE-AZRTOS-WB.2.0.0
2024-04-08 20:37:52,067 [WARN] ConditionMgr:1039 - genDependencies : Invalid condition id : UX DEVICE CLASS RTOS Condition cause : null
2024-04-08 20:37:52,067 [WARN] ConditionMgr:1039 - genDependencies : Invalid condition id : UX DEVICE CLASS RTOS Condition cause : null
2024-04-08 20:37:52,067 [WARN] ConditionMgr:1039 - genDependencies : Invalid condition id : UX DEVICE CLASS RTOS Condition cause : null
2024-04-08 20:37:52,068 [WARN] ConditionMgr:1039 - genDependencies : Invalid condition id : UX DEVICE CLASS RTOS Condition cause : null
2024-04-08 20:37:52,068 [WARN] ConditionMgr:1039 - genDependencies : Invalid condition id : UX DEVICE CLASS RTOS Condition cause : null
2024-04-08 20:37:52,084 [WARN] PackLoader:240 - Cannot read IP mode file for STMicroelectronics.X-CUBE-SUBG2.5.0.0
2024-04-08 20:37:52,107 [WARN] PackLoader:240 - Cannot read IP mode file for STMicroelectronics.X-CUBE-AZRTOS-G4.2.0.0
2024-04-08 20:37:52,125 [WARN] PackLoader:240 - Cannot read IP mode file for Infineon.AIROC-Wi-Fi-Bluetooth-STM32.1.5.1
2024-04-08 20:37:52,136 [WARN] PackLoader:240 - Cannot read IP mode file for STMicroelectronics.FP-SNS-MOTENVWB1.1.3.1
2024-04-08 20:37:52,149 [WARN] PackLoader:240 - Cannot read IP mode file for STMicroelectronics.X-CUBE-ISPU.2.0.0
2024-04-08 20:37:52,186 [WARN] PackLoader:240 - Cannot read IP mode file for STMicroelectronics.X-CUBE-MEMS1.10.0.0
2024-04-08 20:37:52,274 [WARN] PackLoader:240 - Cannot read IP mode file for STMicroelectronics.X-CUBE-FREERTOS.1.1.0
2024-04-08 20:37:52,285 [WARN] PackLoader:240 - Cannot read IP mode file for portGmbH.I-Cube-SoM-uGOAL.1.1.0
2024-04-08 20:37:52,295 [WARN] PackLoader:240 - Cannot read IP mode file for STMicroelectronics.X-CUBE-ALS.1.0.1
2024-04-08 20:37:52,307 [WARN] PackLoader:240 - Cannot read IP mode file for STMicroelectronics.FP-ATR-ASTRA1.2.0.0
2024-04-08 20:37:52,332 [WARN] PackLoader:240 - Cannot read IP mode file for STMicroelectronics.X-CUBE-TOF1.3.4.0
2024-04-08 20:37:52,355 [WARN] PackLoader:240 - Cannot read IP mode file for STMicroelectronics.X-CUBE-TOF1.3.4.1
2024-04-08 20:37:52,393 [WARN] PackLoader:240 - Cannot read IP mode file for STMicroelectronics.X-CUBE-AZRTOS-H7.3.2.0
2024-04-08 20:37:52,396 [INFO] ThirdParty:978 - Integrity check success = true
2024-04-08 20:37:52,396 [INFO] IntegrityCheckThread:100 - exiting critical section [integrity check]
2024-04-08 20:37:52,396 [INFO] IntegrityCheckThread:103 - End integrity checks thread
2024-04-08 20:37:54,870 [INFO] WebApp:161 - Instantiating new browser for Auth
2024-04-08 20:37:55,701 [INFO] WebApp:780 - Register for checkConnection events
2024-04-08 20:37:55,701 [INFO] WebApp:414 - Apply proxy settings
2024-04-08 20:37:55,702 [INFO] WebApp:499 - Chromium requires no authentication
2024-04-08 20:37:55,712 [INFO] WebApp:442 - Direct internet connection detected
2024-04-08 20:37:55,910 [INFO] WebApp:192 - Starting web application
2024-04-08 20:37:55,910 [INFO] WebApp:544 - Web application path used C:\ST\STM32CubeIDE_1.14.1\STM32CubeIDE\plugins\com.st.stm32cube.common.mx_6.10.0.202311202037\db\plugins\mcufinder\reactClient1\index.html
2024-04-08 20:38:16,674 [ERROR] LogOutputStream:75 - [STDERR_REDIRECT] SLF4J: Failed to load class "org.slf4j.impl.StaticLoggerBinder".
2024-04-08 20:38:16,675 [ERROR] LogOutputStream:75 - [STDERR_REDIRECT] SLF4J: Defaulting to no-operation (NOP) logger implementation
2024-04-08 20:38:16,676 [ERROR] LogOutputStream:75 - [STDERR_REDIRECT] SLF4J: See http://www.slf4j.org/codes.html#StaticLoggerBinder for further details.
2024-04-08 23:26:12,775 [ERROR] LogOutputStream:75 - [STDERR_REDIRECT] 
