2024-04-04 21:37:23,784 [INFO] Activator:176 - 


2024-04-04 21:37:23,789 [INFO] Activator:177 - !SESSION log4j initialized
2024-04-04 21:37:29,456 [INFO] LogOutputStream:77 - [STDOUT_REDIRECT] 
2024-04-04 21:37:30,620 [INFO] ApplicationProperties:184 - Using Application install path: C:\ST\STM32CubeIDE_1.14.1\STM32CubeIDE\plugins\com.st.stm32cube.common.mx_6.10.0.202311202037
2024-04-04 21:37:30,686 [INFO] DbMcusXml:78 - Set database path to: C:\ST\STM32CubeIDE_1.14.1\STM32CubeIDE\plugins\com.st.stm32cube.common.mx_6.10.0.202311202037\\db\/mcu/
2024-04-04 21:37:30,687 [INFO] ApiDb:274 - Set plugin database path to: C:\ST\STM32CubeIDE_1.14.1\STM32CubeIDE\plugins\com.st.stm32cube.common.mx_6.10.0.202311202037\\db\/plugins/boardmanager/
2024-04-04 21:37:30,689 [WARN] ApiDb:259 - Overriding images path with different value:  => C:\ST\STM32CubeIDE_1.14.1\STM32CubeIDE\plugins\com.st.stm32cube.common.mx_6.10.0.202311202037\\db\/plugins/mcufinder/images/
2024-04-04 21:37:30,701 [INFO] ApiDb:250 - Set database path to: C:\Users\tjdtj\.stmcufinder\plugins\mcufinder//mcu/
2024-04-04 21:37:30,701 [INFO] DbMcusAds:125 - Set database path to: C:\Users\tjdtj\.stmcufinder\plugins\mcufinder//mcu/
2024-04-04 21:37:30,703 [INFO] CrossReferenceDbSqlite:203 - Set database path to: C:\Users\tjdtj\.stmcufinder\plugins\mcufinder//mcu/cs/
2024-04-04 21:37:30,870 [INFO] RulesReader:64 - Compatibility file has been processed (297 Rules)
2024-04-04 21:37:30,985 [INFO] DbMcusXml:78 - Set database path to: C:\ST\STM32CubeIDE_1.14.1\STM32CubeIDE\plugins\com.st.stm32cube.common.mx_6.10.0.202311202037\\db\/mcu/
2024-04-04 21:37:30,986 [INFO] ApiDb:274 - Set plugin database path to: C:\ST\STM32CubeIDE_1.14.1\STM32CubeIDE\plugins\com.st.stm32cube.common.mx_6.10.0.202311202037\\db\/plugins/boardmanager/
2024-04-04 21:37:30,986 [INFO] ApiDb:261 - Set plugin images path to: C:\ST\STM32CubeIDE_1.14.1\STM32CubeIDE\plugins\com.st.stm32cube.common.mx_6.10.0.202311202037\\db\/plugins/mcufinder/images/
2024-04-04 21:37:30,986 [WARN] DbFile:41 - Overriding database path with different value: C:\Users\tjdtj\.stmcufinder\plugins\mcufinder/ => C:\Users\tjdtj\.stmcufinder\plugins\mcufinder
2024-04-04 21:37:30,986 [INFO] ApiDb:250 - Set database path to: C:\Users\tjdtj\.stmcufinder\plugins\mcufinder//mcu/
2024-04-04 21:37:30,986 [WARN] DbFile:41 - Overriding database path with different value: C:\Users\tjdtj\.stmcufinder\plugins\mcufinder/ => C:\Users\tjdtj\.stmcufinder\plugins\mcufinder
2024-04-04 21:37:30,986 [INFO] DbMcusAds:125 - Set database path to: C:\Users\tjdtj\.stmcufinder\plugins\mcufinder//mcu/
2024-04-04 21:37:30,986 [WARN] DbFile:41 - Overriding database path with different value: C:\Users\tjdtj\.stmcufinder\plugins\mcufinder/ => C:\Users\tjdtj\.stmcufinder\plugins\mcufinder
2024-04-04 21:37:30,986 [WARN] DbFile:41 - Overriding database path with different value: C:\Users\tjdtj\.stmcufinder\plugins\mcufinder/ => C:\Users\tjdtj\.stmcufinder\plugins\mcufinder
2024-04-04 21:37:30,987 [INFO] CrossReferenceDbSqlite:203 - Set database path to: C:\Users\tjdtj\.stmcufinder\plugins\mcufinder//mcu/cs/
2024-04-04 21:37:31,079 [INFO] MainPanel:264 - HeapMemory: 268435456
2024-04-04 21:37:31,204 [INFO] DbMcusXml:78 - Set database path to: C:\ST\STM32CubeIDE_1.14.1\STM32CubeIDE\plugins\com.st.stm32cube.common.mx_6.10.0.202311202037\\db\/mcu/
2024-04-04 21:37:31,204 [INFO] ApiDb:274 - Set plugin database path to: C:\ST\STM32CubeIDE_1.14.1\STM32CubeIDE\plugins\com.st.stm32cube.common.mx_6.10.0.202311202037\\db\/plugins/boardmanager/
2024-04-04 21:37:31,204 [INFO] ApiDb:261 - Set plugin images path to: C:\ST\STM32CubeIDE_1.14.1\STM32CubeIDE\plugins\com.st.stm32cube.common.mx_6.10.0.202311202037\\db\/plugins/mcufinder/images/
2024-04-04 21:37:31,204 [WARN] DbFile:41 - Overriding database path with different value: C:\Users\tjdtj\.stmcufinder\plugins\mcufinder/ => C:\Users\tjdtj\.stmcufinder\plugins\mcufinder
2024-04-04 21:37:31,205 [INFO] ApiDb:250 - Set database path to: C:\Users\tjdtj\.stmcufinder\plugins\mcufinder//mcu/
2024-04-04 21:37:31,205 [WARN] DbFile:41 - Overriding database path with different value: C:\Users\tjdtj\.stmcufinder\plugins\mcufinder/ => C:\Users\tjdtj\.stmcufinder\plugins\mcufinder
2024-04-04 21:37:31,205 [INFO] DbMcusAds:125 - Set database path to: C:\Users\tjdtj\.stmcufinder\plugins\mcufinder//mcu/
2024-04-04 21:37:31,205 [WARN] DbFile:41 - Overriding database path with different value: C:\Users\tjdtj\.stmcufinder\plugins\mcufinder/ => C:\Users\tjdtj\.stmcufinder\plugins\mcufinder
2024-04-04 21:37:31,205 [WARN] DbFile:41 - Overriding database path with different value: C:\Users\tjdtj\.stmcufinder\plugins\mcufinder/ => C:\Users\tjdtj\.stmcufinder\plugins\mcufinder
2024-04-04 21:37:31,205 [INFO] CrossReferenceDbSqlite:203 - Set database path to: C:\Users\tjdtj\.stmcufinder\plugins\mcufinder//mcu/cs/
2024-04-04 21:37:31,229 [INFO] ApplicationProperties:184 - Using Application install path: C:\ST\STM32CubeIDE_1.14.1\STM32CubeIDE\plugins\com.st.stm32cube.common.mx_6.10.0.202311202037
2024-04-04 21:37:31,237 [INFO] PluginManage:196 - Search for loadable plugins [exclusion list=, ]
2024-04-04 21:37:31,238 [INFO] PluginManage:310 - Check plugin analytics
2024-04-04 21:37:31,399 [INFO] AnalyticsPlugin:253 - Accepted Software Licenses: 
2024-04-04 21:37:31,399 [INFO] AnalyticsPlugin:255 - Accepted CMSIS Pack Licenses: 
2024-04-04 21:37:31,399 [INFO] AnalyticsPlugin:257 - Accepted Firmware Licenses: 
2024-04-04 21:37:31,401 [INFO] PluginManage:359 - Loaded plugin analytics (category:tool,tabindex:-1)
2024-04-04 21:37:31,401 [INFO] PluginManage:310 - Check plugin cadmodel
2024-04-04 21:37:31,414 [INFO] CADModel:105 - Init CAD model plugin
2024-04-04 21:37:31,414 [INFO] PluginManage:359 - Loaded plugin cadmodel (category:power,tabindex:5)
2024-04-04 21:37:31,414 [INFO] PluginManage:310 - Check plugin clock
2024-04-04 21:37:31,444 [INFO] PluginManage:359 - Loaded plugin clock (category:base,tabindex:2)
2024-04-04 21:37:31,444 [INFO] PluginManage:310 - Check plugin ddr
2024-04-04 21:37:31,446 [INFO] PluginManage:359 - Loaded plugin ddr (category:tool,tabindex:6)
2024-04-04 21:37:31,446 [INFO] PluginManage:310 - Check plugin filemanager
2024-04-04 21:37:31,601 [INFO] PluginManage:359 - Loaded plugin filemanager (category:base,tabindex:10)
2024-04-04 21:37:31,601 [INFO] PluginManage:310 - Check plugin ipmanager
2024-04-04 21:37:31,607 [INFO] PluginManage:359 - Loaded plugin ipmanager (category:base,tabindex:5)
2024-04-04 21:37:31,607 [INFO] PluginManage:310 - Check plugin lpbam
2024-04-04 21:37:31,622 [INFO] PluginManage:359 - Loaded plugin lpbam (category:base,tabindex:0)
2024-04-04 21:37:31,623 [INFO] PluginManage:310 - Check plugin memorymap
2024-04-04 21:37:31,661 [INFO] PluginManage:359 - Loaded plugin memorymap (category:base,tabindex:4)
2024-04-04 21:37:31,661 [INFO] PluginManage:310 - Check plugin pinoutandconfiguration
2024-04-04 21:37:31,675 [INFO] PluginManage:359 - Loaded plugin pinoutandconfiguration (category:base,tabindex:1)
2024-04-04 21:37:31,675 [INFO] PluginManage:310 - Check plugin pinoutconfig
2024-04-04 21:37:31,789 [WARN] SupportedApi:132 - Cannot load RTOS API schema: s4s-elt-must-match.1: The content of 'definitions' must match (annotation?, (simpleType | complexType)?, (unique | key | keyref)*)). A problem was found starting at: attribute.
2024-04-04 21:37:31,989 [INFO] PluginManage:359 - Loaded plugin pinoutconfig (category:base,tabindex:0)
2024-04-04 21:37:31,989 [INFO] PluginManage:310 - Check plugin power
2024-04-04 21:37:32,010 [INFO] PluginManage:359 - Loaded plugin power (category:power,tabindex:4)
2024-04-04 21:37:32,010 [INFO] PluginManage:310 - Check plugin projectmanager
2024-04-04 21:37:32,024 [INFO] PluginManage:359 - Loaded plugin projectmanager (category:projectmanager,tabindex:3)
2024-04-04 21:37:32,024 [INFO] PluginManage:310 - Check plugin thirdparty
2024-04-04 21:37:32,270 [INFO] PluginManage:359 - Loaded plugin thirdparty (category:base,tabindex:-1)
2024-04-04 21:37:32,270 [WARN] IntegrityCheckThread:84 - waiting for thirdparty lock release [integrity check]
2024-04-04 21:37:32,270 [INFO] PluginManage:310 - Check plugin tools
2024-04-04 21:37:32,270 [INFO] IntegrityCheckThread:86 - entering critical section [integrity check]
2024-04-04 21:37:32,270 [INFO] ThirdPartyUpdaterWithRetryManager:70 - Updater plugin not ready yet. [1/15]
2024-04-04 21:37:32,298 [INFO] PluginManage:359 - Loaded plugin tools (category:base,tabindex:7)
2024-04-04 21:37:32,298 [INFO] PluginManage:310 - Check plugin tutovideos
2024-04-04 21:37:32,676 [INFO] PluginManage:359 - Loaded plugin tutovideos (category:base,tabindex:-1)
2024-04-04 21:37:32,676 [INFO] PluginManage:310 - Check plugin updater
2024-04-04 21:37:32,693 [INFO] PluginManage:359 - Loaded plugin updater (category:base,tabindex:12)
2024-04-04 21:37:32,694 [INFO] PluginManage:310 - Check plugin userauth
2024-04-04 21:37:32,699 [INFO] UserAuth:114 - Init User Auth plugin
2024-04-04 21:37:32,699 [INFO] PluginManage:359 - Loaded plugin userauth (category:base,tabindex:14)
2024-04-04 21:37:32,699 [INFO] PluginManage:283 - PluginManage : Loaded plugins [17]
2024-04-04 21:37:33,006 [INFO] PinOutPanel:1499 - setPackage(No Configuration,No Configuration)
2024-04-04 21:37:33,082 [INFO] CADModel:165 - CPN selected for project level
2024-04-04 21:37:33,082 [INFO] CADModel:114 - Register for checkConnection events
2024-04-04 21:37:33,125 [INFO] IPUIPlugin:80 - create IPUIPlugin
2024-04-04 21:37:33,125 [INFO] PluginManager:220 - loadIPPluginJar : add adc
2024-04-04 21:37:33,155 [INFO] IPUIPlugin:80 - create IPUIPlugin
2024-04-04 21:37:33,155 [INFO] PluginManager:220 - loadIPPluginJar : add aes
2024-04-04 21:37:33,188 [INFO] IPUIPlugin:80 - create IPUIPlugin
2024-04-04 21:37:33,188 [INFO] PluginManager:220 - loadIPPluginJar : add can
2024-04-04 21:37:33,207 [INFO] IPUIPlugin:80 - create IPUIPlugin
2024-04-04 21:37:33,207 [INFO] PluginManager:220 - loadIPPluginJar : add comp
2024-04-04 21:37:33,232 [INFO] IPUIPlugin:80 - create IPUIPlugin
2024-04-04 21:37:33,233 [INFO] PluginManager:220 - loadIPPluginJar : add cryp
2024-04-04 21:37:33,256 [INFO] IPUIPlugin:80 - create IPUIPlugin
2024-04-04 21:37:33,257 [INFO] PluginManager:220 - loadIPPluginJar : add dfsdm
2024-04-04 21:37:33,269 [INFO] IPUIPlugin:80 - create IPUIPlugin
2024-04-04 21:37:33,269 [INFO] PluginManager:220 - loadIPPluginJar : add dma
2024-04-04 21:37:33,308 [INFO] IPUIPlugin:80 - create IPUIPlugin
2024-04-04 21:37:33,308 [INFO] PluginManager:220 - loadIPPluginJar : add dma3
2024-04-04 21:37:33,334 [INFO] IPUIPlugin:80 - create IPUIPlugin
2024-04-04 21:37:33,334 [INFO] PluginManager:220 - loadIPPluginJar : add fatfs
2024-04-04 21:37:33,379 [INFO] IPUIPlugin:80 - create IPUIPlugin
2024-04-04 21:37:33,379 [INFO] PluginManager:220 - loadIPPluginJar : add fmc
2024-04-04 21:37:33,394 [INFO] IPUIPlugin:80 - create IPUIPlugin
2024-04-04 21:37:33,394 [INFO] PluginManager:220 - loadIPPluginJar : add freertos
2024-04-04 21:37:33,413 [INFO] IPUIPlugin:80 - create IPUIPlugin
2024-04-04 21:37:33,413 [INFO] PluginManager:220 - loadIPPluginJar : add genericplugin
2024-04-04 21:37:33,503 [INFO] IPUIPlugin:80 - create IPUIPlugin
2024-04-04 21:37:33,503 [INFO] PluginManager:220 - loadIPPluginJar : add gfxmmu
2024-04-04 21:37:33,619 [INFO] IPUIPlugin:80 - create IPUIPlugin
2024-04-04 21:37:33,619 [INFO] PluginManager:220 - loadIPPluginJar : add gic
2024-04-04 21:37:33,630 [INFO] IPUIPlugin:80 - create IPUIPlugin
2024-04-04 21:37:33,630 [INFO] PluginManager:220 - loadIPPluginJar : add gpio
2024-04-04 21:37:33,710 [INFO] IPUIPlugin:80 - create IPUIPlugin
2024-04-04 21:37:33,710 [INFO] PluginManager:220 - loadIPPluginJar : add gtzc
2024-04-04 21:37:33,737 [INFO] IPUIPlugin:80 - create IPUIPlugin
2024-04-04 21:37:33,737 [INFO] PluginManager:220 - loadIPPluginJar : add hash
2024-04-04 21:37:33,781 [INFO] IPUIPlugin:80 - create IPUIPlugin
2024-04-04 21:37:33,782 [INFO] PluginManager:220 - loadIPPluginJar : add i2c
2024-04-04 21:37:33,814 [INFO] IPUIPlugin:80 - create IPUIPlugin
2024-04-04 21:37:33,814 [INFO] PluginManager:220 - loadIPPluginJar : add i2s
2024-04-04 21:37:33,849 [INFO] IPUIPlugin:80 - create IPUIPlugin
2024-04-04 21:37:33,849 [INFO] PluginManager:220 - loadIPPluginJar : add i3c
2024-04-04 21:37:33,943 [INFO] IPUIPlugin:80 - create IPUIPlugin
2024-04-04 21:37:33,943 [INFO] PluginManager:220 - loadIPPluginJar : add ipddr
2024-04-04 21:37:34,020 [INFO] IPUIPlugin:80 - create IPUIPlugin
2024-04-04 21:37:34,020 [INFO] PluginManager:220 - loadIPPluginJar : add linkedlist
2024-04-04 21:37:34,050 [INFO] IPUIPlugin:80 - create IPUIPlugin
2024-04-04 21:37:34,050 [INFO] PluginManager:220 - loadIPPluginJar : add lorawan
2024-04-04 21:37:34,080 [INFO] IPUIPlugin:80 - create IPUIPlugin
2024-04-04 21:37:34,080 [INFO] PluginManager:220 - loadIPPluginJar : add ltdc
2024-04-04 21:37:34,096 [INFO] IPUIPlugin:80 - create IPUIPlugin
2024-04-04 21:37:34,096 [INFO] PluginManager:220 - loadIPPluginJar : add mdma
2024-04-04 21:37:34,111 [INFO] IPUIPlugin:80 - create IPUIPlugin
2024-04-04 21:37:34,111 [INFO] PluginManager:220 - loadIPPluginJar : add nvic
2024-04-04 21:37:34,144 [INFO] IPUIPlugin:80 - create IPUIPlugin
2024-04-04 21:37:34,144 [INFO] PluginManager:220 - loadIPPluginJar : add opamp
2024-04-04 21:37:34,196 [INFO] IPUIPlugin:80 - create IPUIPlugin
2024-04-04 21:37:34,196 [INFO] PluginManager:220 - loadIPPluginJar : add openamp
2024-04-04 21:37:34,231 [INFO] IPUIPlugin:80 - create IPUIPlugin
2024-04-04 21:37:34,231 [INFO] PluginManager:220 - loadIPPluginJar : add pdm2pcm
2024-04-04 21:37:34,246 [INFO] IPUIPlugin:80 - create IPUIPlugin
2024-04-04 21:37:34,248 [INFO] PluginManager:220 - loadIPPluginJar : add plateformsettings
2024-04-04 21:37:34,265 [INFO] IPUIPlugin:80 - create IPUIPlugin
2024-04-04 21:37:34,265 [INFO] PluginManager:220 - loadIPPluginJar : add quadspi
2024-04-04 21:37:34,279 [INFO] IPUIPlugin:80 - create IPUIPlugin
2024-04-04 21:37:34,279 [INFO] PluginManager:220 - loadIPPluginJar : add resmgrutility
2024-04-04 21:37:34,319 [INFO] IPUIPlugin:80 - create IPUIPlugin
2024-04-04 21:37:34,319 [INFO] PluginManager:220 - loadIPPluginJar : add sai
2024-04-04 21:37:34,350 [INFO] IPUIPlugin:80 - create IPUIPlugin
2024-04-04 21:37:34,350 [INFO] PluginManager:220 - loadIPPluginJar : add spi
2024-04-04 21:37:34,410 [INFO] IPUIPlugin:80 - create IPUIPlugin
2024-04-04 21:37:34,410 [INFO] PluginManager:220 - loadIPPluginJar : add stm32_wpan
2024-04-04 21:37:34,429 [INFO] IPUIPlugin:80 - create IPUIPlugin
2024-04-04 21:37:34,429 [INFO] PluginManager:220 - loadIPPluginJar : add tim
2024-04-04 21:37:34,478 [INFO] IPUIPlugin:80 - create IPUIPlugin
2024-04-04 21:37:34,478 [INFO] PluginManager:220 - loadIPPluginJar : add touchsensing
2024-04-04 21:37:34,496 [INFO] IPUIPlugin:80 - create IPUIPlugin
2024-04-04 21:37:34,496 [INFO] PluginManager:220 - loadIPPluginJar : add tracer_emb
2024-04-04 21:37:34,516 [INFO] IPUIPlugin:80 - create IPUIPlugin
2024-04-04 21:37:34,516 [INFO] PluginManager:220 - loadIPPluginJar : add ts
2024-04-04 21:37:34,534 [INFO] IPUIPlugin:80 - create IPUIPlugin
2024-04-04 21:37:34,534 [INFO] PluginManager:220 - loadIPPluginJar : add tsc
2024-04-04 21:37:34,552 [INFO] IPUIPlugin:80 - create IPUIPlugin
2024-04-04 21:37:34,552 [INFO] PluginManager:220 - loadIPPluginJar : add ucpd
2024-04-04 21:37:34,589 [INFO] IPUIPlugin:80 - create IPUIPlugin
2024-04-04 21:37:34,589 [INFO] PluginManager:220 - loadIPPluginJar : add usart
2024-04-04 21:37:34,625 [INFO] IPUIPlugin:80 - create IPUIPlugin
2024-04-04 21:37:34,625 [INFO] PluginManager:220 - loadIPPluginJar : add usbx
2024-04-04 21:37:34,744 [INFO] CADModel:165 - CPN selected for project level
2024-04-04 21:37:34,744 [INFO] CADModel:114 - Register for checkConnection events
2024-04-04 21:37:34,745 [FATAL] Updater:308 - Updater called before beeing initialized
2024-04-04 21:37:34,745 [ERROR] CADModel:125 - Updater not yet initialized, retry later 
2024-04-04 21:37:34,873 [INFO] CADModel:165 - CPN selected for project level
2024-04-04 21:37:34,873 [INFO] CADModel:114 - Register for checkConnection events
2024-04-04 21:37:34,874 [FATAL] Updater:308 - Updater called before beeing initialized
2024-04-04 21:37:34,874 [ERROR] CADModel:125 - Updater not yet initialized, retry later 
2024-04-04 21:37:34,876 [FATAL] Updater:308 - Updater called before beeing initialized
2024-04-04 21:37:34,988 [FATAL] Updater:308 - Updater called before beeing initialized
2024-04-04 21:37:34,995 [INFO] DbMcusAds:53 - JSON generation date=Wed Nov 29 04:52:27 CST 2023 (1701255147349)
2024-04-04 21:37:34,995 [FATAL] Updater:308 - Updater called before beeing initialized
2024-04-04 21:37:35,067 [WARN] DetailPanel:346 - Failed to get advertising image, set to default
2024-04-04 21:37:35,196 [FATAL] Updater:308 - Updater called before beeing initialized
2024-04-04 21:37:35,198 [FATAL] Updater:308 - Updater called before beeing initialized
2024-04-04 21:37:35,198 [FATAL] Updater:308 - Updater called before beeing initialized
2024-04-04 21:37:35,198 [WARN] DetailPanel:346 - Failed to get advertising image, set to default
2024-04-04 21:37:35,199 [FATAL] Updater:308 - Updater called before beeing initialized
2024-04-04 21:37:35,272 [INFO] ThirdPartyUpdaterWithRetryManager:70 - Updater plugin not ready yet. [2/15]
2024-04-04 21:37:35,285 [ERROR] Updater:1120 - MainUpdater not yet initialized. External WinMGr cannot be set.
2024-04-04 21:37:35,308 [INFO] Updater:1056 - Updater Version found : 6.10.0
2024-04-04 21:37:35,325 [INFO] ApplicationProperties:184 - Using Application install path: C:\ST\STM32CubeIDE_1.14.1\STM32CubeIDE\plugins\com.st.stm32cube.common.mx_6.10.0.202311202037
2024-04-04 21:37:36,904 [ERROR] LogOutputStream:75 - [STDERR_REDIRECT] Apr 04, 2024 9:37:36 PM java.util.prefs.WindowsPreferences <init>
2024-04-04 21:37:36,906 [ERROR] LogOutputStream:75 - [STDERR_REDIRECT] WARNING: Could not open/create prefs root node Software\JavaSoft\Prefs at root 0xffffffff80000002. Windows RegCreateKeyEx(...) returned error code 5.
2024-04-04 21:37:36,906 [ERROR] LogOutputStream:75 - [STDERR_REDIRECT] 
2024-04-04 21:37:37,417 [INFO] MainUpdater:2873 - connection check result : 10
2024-04-04 21:37:37,417 [INFO] MainUpdater:290 - Updater Check For Update Now.
2024-04-04 21:37:37,418 [INFO] MicroXplorer:498 - Change Database Version : DB.6.0.100
2024-04-04 21:37:37,433 [INFO] McuFinderGlobals:63 - Set McuFinder mode to 2 (CubeIDE integrated)
2024-04-04 21:37:37,433 [INFO] UserAuth:180 - activating auth plugin
2024-04-04 21:37:37,436 [INFO] UserAuth:404 - Internet connection configuration mode: 1
2024-04-04 21:37:37,468 [INFO] JxBrowserEngine:152 - Initiate JxBrowser Engine with user profile folder
2024-04-04 21:37:37,622 [INFO] CheckServerUpdateThread:120 - End of CheckServer Thread
2024-04-04 21:37:38,502 [WARN] PackLoader:240 - Cannot read IP mode file for STMicroelectronics.X-CUBE-SMBUS.2.1.0
2024-04-04 21:37:38,514 [WARN] PackLoader:240 - Cannot read IP mode file for STMicroelectronics.X-CUBE-TOUCHGFX.4.23.1
2024-04-04 21:37:38,525 [WARN] PackLoader:240 - Cannot read IP mode file for STMicroelectronics.X-CUBE-TOUCHGFX.4.23.0
2024-04-04 21:37:38,533 [WARN] PackLoader:240 - Cannot read IP mode file for STMicroelectronics.X-CUBE-TOUCHGFX.4.23.2
2024-04-04 21:37:38,572 [WARN] PackLoader:240 - Cannot read IP mode file for STMicroelectronics.X-CUBE-AZRTOS-F7.1.1.0
2024-04-04 21:37:38,587 [WARN] PackLoader:240 - Cannot read IP mode file for STMicroelectronics.FP-SNS-MOTENV1.4.3.2
2024-04-04 21:37:38,600 [WARN] PackLoader:240 - Cannot read IP mode file for STMicroelectronics.FP-SNS-FLIGHT1.5.0.2
2024-04-04 21:37:38,615 [WARN] PackLoader:240 - Cannot read IP mode file for STMicroelectronics.X-CUBE-DISPLAY.3.0.0
2024-04-04 21:37:38,632 [WARN] PackLoader:240 - Cannot read IP mode file for STMicroelectronics.X-CUBE-BLE1.7.0.0
2024-04-04 21:37:38,644 [WARN] PackLoader:240 - Cannot read IP mode file for emotas.I-CUBE-CANOPEN.1.3.0
2024-04-04 21:37:38,660 [WARN] PackLoader:240 - Cannot read IP mode file for STMicroelectronics.X-CUBE-BLEMGR.3.1.0
2024-04-04 21:37:38,674 [WARN] PackLoader:240 - Cannot read IP mode file for STMicroelectronics.FP-SNS-SMARTAG2.1.2.0
2024-04-04 21:37:38,697 [INFO] LogOutputStream:77 - [STDOUT_REDIRECT] 1 : Invalid condition id : UX_CORESTACK_Condition cause : null
2024-04-04 21:37:38,697 [INFO] LogOutputStream:77 - [STDOUT_REDIRECT] 1 : Invalid condition id : UX_CORESTACK_Condition cause : null
2024-04-04 21:37:38,698 [INFO] LogOutputStream:77 - [STDOUT_REDIRECT] 1 : Invalid condition id : UX_CORESTACK_Condition cause : null
2024-04-04 21:37:38,699 [INFO] LogOutputStream:77 - [STDOUT_REDIRECT] 1 : Invalid condition id : UX_CORESTACK_Condition cause : null
2024-04-04 21:37:38,700 [INFO] LogOutputStream:77 - [STDOUT_REDIRECT] 1 : Invalid condition id : UX_CORESTACK_Condition cause : null
2024-04-04 21:37:38,703 [WARN] PackLoader:240 - Cannot read IP mode file for STMicroelectronics.X-CUBE-AZRTOS-WL.2.0.0
2024-04-04 21:37:38,721 [WARN] PackLoader:240 - Cannot read IP mode file for STMicroelectronics.FP-SNS-MOTENV1.5.0.0
2024-04-04 21:37:38,735 [WARN] PackLoader:240 - Cannot read IP mode file for WES.I-CUBE-Cesium.1.3.0
2024-04-04 21:37:38,748 [WARN] PackLoader:240 - Cannot read IP mode file for STMicroelectronics.X-CUBE-BLE2.3.3.0
2024-04-04 21:37:38,759 [WARN] PackLoader:240 - Cannot read IP mode file for STMicroelectronics.X-CUBE-ALGOBUILD.1.3.0
2024-04-04 21:37:38,782 [WARN] PackLoader:240 - Cannot read IP mode file for STMicroelectronics.X-CUBE-AZRTOS-G0.1.1.0
2024-04-04 21:37:38,801 [WARN] PackLoader:240 - Cannot read IP mode file for STMicroelectronics.X-CUBE-SAFEA1.1.2.2
2024-04-04 21:37:38,813 [WARN] PackLoader:240 - Cannot read IP mode file for STMicroelectronics.X-CUBE-NFC4.3.0.0
2024-04-04 21:37:38,827 [WARN] PackLoader:240 - Cannot read IP mode file for STMicroelectronics.X-CUBE-BLEMGR.3.0.0
2024-04-04 21:37:38,843 [WARN] PackLoader:240 - Cannot read IP mode file for STMicroelectronics.FP-ATR-SIGFOX1.3.2.0
2024-04-04 21:37:38,854 [WARN] PackLoader:240 - Cannot read IP mode file for STMicroelectronics.X-CUBE-EEPRMA1.5.1.0
2024-04-04 21:37:38,889 [WARN] PackLoader:240 - Cannot read IP mode file for SEGGER.I-CUBE-embOS.1.3.1
2024-04-04 21:37:38,928 [WARN] PackLoader:240 - Cannot read IP mode file for STMicroelectronics.X-CUBE-GNSS1.6.0.0
2024-04-04 21:37:38,962 [WARN] PackLoader:240 - Cannot read IP mode file for STMicroelectronics.X-CUBE-AZRTOS-F4.1.1.0
2024-04-04 21:37:38,974 [WARN] PackLoader:240 - Cannot read IP mode file for wolfSSL.I-CUBE-wolfSSL.5.6.6
2024-04-04 21:37:38,999 [WARN] PackLoader:240 - Cannot read IP mode file for STMicroelectronics.X-CUBE-AZRTOS-L5.2.0.0
2024-04-04 21:37:39,013 [WARN] PackLoader:240 - Cannot read IP mode file for STMicroelectronics.X-CUBE-NFC6.3.1.0
2024-04-04 21:37:39,027 [WARN] PackLoader:240 - Cannot read IP mode file for ITTIA_DB.I-CUBE-ITTIADB.8.8.0
2024-04-04 21:37:39,039 [WARN] PackLoader:240 - Cannot read IP mode file for STMicroelectronics.X-CUBE-NFC7.1.0.1
2024-04-04 21:37:39,051 [WARN] PackLoader:240 - Cannot read IP mode file for STMicroelectronics.X-CUBE-NFC6.3.0.0
2024-04-04 21:37:39,062 [WARN] PackLoader:240 - Cannot read IP mode file for STMicroelectronics.X-CUBE-AI.8.1.0
2024-04-04 21:37:39,089 [WARN] ConditionMgr:438 - getConditionDescription Invalid condition id : LAN8742 Phy interface Condition cause : null
2024-04-04 21:37:39,090 [WARN] PackLoader:240 - Cannot read IP mode file for STMicroelectronics.X-CUBE-AZRTOS-L4.2.0.0
2024-04-04 21:37:39,091 [WARN] ConditionMgr:1039 - genDependencies : Invalid condition id : LAN8742 Phy interface Condition cause : null
2024-04-04 21:37:39,092 [WARN] ConditionMgr:1039 - genDependencies : Invalid condition id : LAN8742 Phy interface Condition cause : null
2024-04-04 21:37:39,092 [WARN] ConditionMgr:1039 - genDependencies : Invalid condition id : LAN8742 Phy interface Condition cause : null
2024-04-04 21:37:39,106 [WARN] PackLoader:240 - Cannot read IP mode file for STMicroelectronics.X-CUBE-SFXS2LP1.4.0.0
2024-04-04 21:37:39,127 [WARN] ConditionMgr:438 - getConditionDescription Invalid condition id : UX DEVICE CLASS RTOS Condition cause : null
2024-04-04 21:37:39,128 [WARN] ConditionMgr:438 - getConditionDescription Invalid condition id : UX DEVICE CLASS RTOS Condition cause : null
2024-04-04 21:37:39,130 [WARN] PackLoader:240 - Cannot read IP mode file for STMicroelectronics.X-CUBE-AZRTOS-WB.2.0.0
2024-04-04 21:37:39,131 [WARN] ConditionMgr:1039 - genDependencies : Invalid condition id : UX DEVICE CLASS RTOS Condition cause : null
2024-04-04 21:37:39,131 [WARN] ConditionMgr:1039 - genDependencies : Invalid condition id : UX DEVICE CLASS RTOS Condition cause : null
2024-04-04 21:37:39,131 [WARN] ConditionMgr:1039 - genDependencies : Invalid condition id : UX DEVICE CLASS RTOS Condition cause : null
2024-04-04 21:37:39,132 [WARN] ConditionMgr:1039 - genDependencies : Invalid condition id : UX DEVICE CLASS RTOS Condition cause : null
2024-04-04 21:37:39,132 [WARN] ConditionMgr:1039 - genDependencies : Invalid condition id : UX DEVICE CLASS RTOS Condition cause : null
2024-04-04 21:37:39,151 [WARN] PackLoader:240 - Cannot read IP mode file for STMicroelectronics.X-CUBE-SUBG2.5.0.0
2024-04-04 21:37:39,181 [WARN] PackLoader:240 - Cannot read IP mode file for STMicroelectronics.X-CUBE-AZRTOS-G4.2.0.0
2024-04-04 21:37:39,203 [WARN] PackLoader:240 - Cannot read IP mode file for Infineon.AIROC-Wi-Fi-Bluetooth-STM32.1.5.1
2024-04-04 21:37:39,215 [WARN] PackLoader:240 - Cannot read IP mode file for STMicroelectronics.FP-SNS-MOTENVWB1.1.3.1
2024-04-04 21:37:39,227 [WARN] PackLoader:240 - Cannot read IP mode file for STMicroelectronics.X-CUBE-ISPU.2.0.0
2024-04-04 21:37:39,276 [WARN] PackLoader:240 - Cannot read IP mode file for STMicroelectronics.X-CUBE-MEMS1.10.0.0
2024-04-04 21:37:39,362 [WARN] PackLoader:240 - Cannot read IP mode file for STMicroelectronics.X-CUBE-FREERTOS.1.1.0
2024-04-04 21:37:39,374 [WARN] PackLoader:240 - Cannot read IP mode file for portGmbH.I-Cube-SoM-uGOAL.1.1.0
2024-04-04 21:37:39,393 [WARN] PackLoader:240 - Cannot read IP mode file for STMicroelectronics.X-CUBE-ALS.1.0.1
2024-04-04 21:37:39,404 [WARN] PackLoader:240 - Cannot read IP mode file for STMicroelectronics.FP-ATR-ASTRA1.2.0.0
2024-04-04 21:37:39,424 [WARN] PackLoader:240 - Cannot read IP mode file for STMicroelectronics.X-CUBE-TOF1.3.4.0
2024-04-04 21:37:39,446 [WARN] PackLoader:240 - Cannot read IP mode file for STMicroelectronics.X-CUBE-TOF1.3.4.1
2024-04-04 21:37:39,483 [WARN] PackLoader:240 - Cannot read IP mode file for STMicroelectronics.X-CUBE-AZRTOS-H7.3.2.0
2024-04-04 21:37:39,486 [INFO] ThirdParty:978 - Integrity check success = true
2024-04-04 21:37:39,486 [INFO] IntegrityCheckThread:100 - exiting critical section [integrity check]
2024-04-04 21:37:39,486 [INFO] IntegrityCheckThread:103 - End integrity checks thread
2024-04-04 21:37:41,511 [INFO] WebApp:161 - Instantiating new browser for Auth
2024-04-04 21:37:42,287 [INFO] WebApp:780 - Register for checkConnection events
2024-04-04 21:37:42,287 [INFO] WebApp:414 - Apply proxy settings
2024-04-04 21:37:42,288 [INFO] WebApp:499 - Chromium requires no authentication
2024-04-04 21:37:42,295 [INFO] WebApp:442 - Direct internet connection detected
2024-04-04 21:37:42,560 [INFO] WebApp:192 - Starting web application
2024-04-04 21:37:42,560 [INFO] WebApp:544 - Web application path used C:\ST\STM32CubeIDE_1.14.1\STM32CubeIDE\plugins\com.st.stm32cube.common.mx_6.10.0.202311202037\db\plugins\mcufinder\reactClient1\index.html
2024-04-04 21:38:03,402 [ERROR] LogOutputStream:75 - [STDERR_REDIRECT] SLF4J: Failed to load class "org.slf4j.impl.StaticLoggerBinder".
2024-04-04 21:38:03,403 [ERROR] LogOutputStream:75 - [STDERR_REDIRECT] SLF4J: Defaulting to no-operation (NOP) logger implementation
2024-04-04 21:38:03,404 [ERROR] LogOutputStream:75 - [STDERR_REDIRECT] SLF4J: See http://www.slf4j.org/codes.html#StaticLoggerBinder for further details.
2024-04-04 22:32:05,062 [ERROR] LogOutputStream:75 - [STDERR_REDIRECT] 
2024-04-04 22:35:16,139 [INFO] Activator:176 - 


2024-04-04 22:35:16,141 [INFO] Activator:177 - !SESSION log4j initialized
2024-04-04 22:35:20,577 [INFO] LogOutputStream:77 - [STDOUT_REDIRECT] 
2024-04-04 22:35:21,503 [INFO] ApplicationProperties:184 - Using Application install path: C:\ST\STM32CubeIDE_1.14.1\STM32CubeIDE\plugins\com.st.stm32cube.common.mx_6.10.0.202311202037
2024-04-04 22:35:21,516 [INFO] DbMcusXml:78 - Set database path to: C:\ST\STM32CubeIDE_1.14.1\STM32CubeIDE\plugins\com.st.stm32cube.common.mx_6.10.0.202311202037\\db\/mcu/
2024-04-04 22:35:21,517 [INFO] ApiDb:274 - Set plugin database path to: C:\ST\STM32CubeIDE_1.14.1\STM32CubeIDE\plugins\com.st.stm32cube.common.mx_6.10.0.202311202037\\db\/plugins/boardmanager/
2024-04-04 22:35:21,517 [WARN] ApiDb:259 - Overriding images path with different value:  => C:\ST\STM32CubeIDE_1.14.1\STM32CubeIDE\plugins\com.st.stm32cube.common.mx_6.10.0.202311202037\\db\/plugins/mcufinder/images/
2024-04-04 22:35:21,522 [INFO] ApiDb:250 - Set database path to: C:\Users\tjdtj\.stmcufinder\plugins\mcufinder//mcu/
2024-04-04 22:35:21,523 [INFO] DbMcusAds:125 - Set database path to: C:\Users\tjdtj\.stmcufinder\plugins\mcufinder//mcu/
2024-04-04 22:35:21,525 [INFO] CrossReferenceDbSqlite:203 - Set database path to: C:\Users\tjdtj\.stmcufinder\plugins\mcufinder//mcu/cs/
2024-04-04 22:35:21,623 [INFO] RulesReader:64 - Compatibility file has been processed (297 Rules)
2024-04-04 22:35:21,694 [INFO] DbMcusXml:78 - Set database path to: C:\ST\STM32CubeIDE_1.14.1\STM32CubeIDE\plugins\com.st.stm32cube.common.mx_6.10.0.202311202037\\db\/mcu/
2024-04-04 22:35:21,694 [INFO] ApiDb:274 - Set plugin database path to: C:\ST\STM32CubeIDE_1.14.1\STM32CubeIDE\plugins\com.st.stm32cube.common.mx_6.10.0.202311202037\\db\/plugins/boardmanager/
2024-04-04 22:35:21,694 [INFO] ApiDb:261 - Set plugin images path to: C:\ST\STM32CubeIDE_1.14.1\STM32CubeIDE\plugins\com.st.stm32cube.common.mx_6.10.0.202311202037\\db\/plugins/mcufinder/images/
2024-04-04 22:35:21,694 [WARN] DbFile:41 - Overriding database path with different value: C:\Users\tjdtj\.stmcufinder\plugins\mcufinder/ => C:\Users\tjdtj\.stmcufinder\plugins\mcufinder
2024-04-04 22:35:21,694 [INFO] ApiDb:250 - Set database path to: C:\Users\tjdtj\.stmcufinder\plugins\mcufinder//mcu/
2024-04-04 22:35:21,694 [WARN] DbFile:41 - Overriding database path with different value: C:\Users\tjdtj\.stmcufinder\plugins\mcufinder/ => C:\Users\tjdtj\.stmcufinder\plugins\mcufinder
2024-04-04 22:35:21,694 [INFO] DbMcusAds:125 - Set database path to: C:\Users\tjdtj\.stmcufinder\plugins\mcufinder//mcu/
2024-04-04 22:35:21,695 [WARN] DbFile:41 - Overriding database path with different value: C:\Users\tjdtj\.stmcufinder\plugins\mcufinder/ => C:\Users\tjdtj\.stmcufinder\plugins\mcufinder
2024-04-04 22:35:21,695 [WARN] DbFile:41 - Overriding database path with different value: C:\Users\tjdtj\.stmcufinder\plugins\mcufinder/ => C:\Users\tjdtj\.stmcufinder\plugins\mcufinder
2024-04-04 22:35:21,695 [INFO] CrossReferenceDbSqlite:203 - Set database path to: C:\Users\tjdtj\.stmcufinder\plugins\mcufinder//mcu/cs/
2024-04-04 22:35:21,758 [INFO] MainPanel:264 - HeapMemory: 268435456
2024-04-04 22:35:21,824 [INFO] DbMcusXml:78 - Set database path to: C:\ST\STM32CubeIDE_1.14.1\STM32CubeIDE\plugins\com.st.stm32cube.common.mx_6.10.0.202311202037\\db\/mcu/
2024-04-04 22:35:21,824 [INFO] ApiDb:274 - Set plugin database path to: C:\ST\STM32CubeIDE_1.14.1\STM32CubeIDE\plugins\com.st.stm32cube.common.mx_6.10.0.202311202037\\db\/plugins/boardmanager/
2024-04-04 22:35:21,824 [INFO] ApiDb:261 - Set plugin images path to: C:\ST\STM32CubeIDE_1.14.1\STM32CubeIDE\plugins\com.st.stm32cube.common.mx_6.10.0.202311202037\\db\/plugins/mcufinder/images/
2024-04-04 22:35:21,824 [WARN] DbFile:41 - Overriding database path with different value: C:\Users\tjdtj\.stmcufinder\plugins\mcufinder/ => C:\Users\tjdtj\.stmcufinder\plugins\mcufinder
2024-04-04 22:35:21,824 [INFO] ApiDb:250 - Set database path to: C:\Users\tjdtj\.stmcufinder\plugins\mcufinder//mcu/
2024-04-04 22:35:21,825 [WARN] DbFile:41 - Overriding database path with different value: C:\Users\tjdtj\.stmcufinder\plugins\mcufinder/ => C:\Users\tjdtj\.stmcufinder\plugins\mcufinder
2024-04-04 22:35:21,825 [INFO] DbMcusAds:125 - Set database path to: C:\Users\tjdtj\.stmcufinder\plugins\mcufinder//mcu/
2024-04-04 22:35:21,825 [WARN] DbFile:41 - Overriding database path with different value: C:\Users\tjdtj\.stmcufinder\plugins\mcufinder/ => C:\Users\tjdtj\.stmcufinder\plugins\mcufinder
2024-04-04 22:35:21,825 [WARN] DbFile:41 - Overriding database path with different value: C:\Users\tjdtj\.stmcufinder\plugins\mcufinder/ => C:\Users\tjdtj\.stmcufinder\plugins\mcufinder
2024-04-04 22:35:21,825 [INFO] CrossReferenceDbSqlite:203 - Set database path to: C:\Users\tjdtj\.stmcufinder\plugins\mcufinder//mcu/cs/
2024-04-04 22:35:21,839 [INFO] ApplicationProperties:184 - Using Application install path: C:\ST\STM32CubeIDE_1.14.1\STM32CubeIDE\plugins\com.st.stm32cube.common.mx_6.10.0.202311202037
2024-04-04 22:35:21,841 [INFO] PluginManage:196 - Search for loadable plugins [exclusion list=, ]
2024-04-04 22:35:21,842 [INFO] PluginManage:310 - Check plugin analytics
2024-04-04 22:35:21,970 [INFO] AnalyticsPlugin:253 - Accepted Software Licenses: 
2024-04-04 22:35:21,970 [INFO] AnalyticsPlugin:255 - Accepted CMSIS Pack Licenses: 
2024-04-04 22:35:21,970 [INFO] AnalyticsPlugin:257 - Accepted Firmware Licenses: 
2024-04-04 22:35:21,973 [INFO] PluginManage:359 - Loaded plugin analytics (category:tool,tabindex:-1)
2024-04-04 22:35:21,974 [INFO] PluginManage:310 - Check plugin cadmodel
2024-04-04 22:35:21,984 [INFO] CADModel:105 - Init CAD model plugin
2024-04-04 22:35:21,984 [INFO] PluginManage:359 - Loaded plugin cadmodel (category:power,tabindex:5)
2024-04-04 22:35:21,984 [INFO] PluginManage:310 - Check plugin clock
2024-04-04 22:35:22,000 [INFO] PluginManage:359 - Loaded plugin clock (category:base,tabindex:2)
2024-04-04 22:35:22,000 [INFO] PluginManage:310 - Check plugin ddr
2024-04-04 22:35:22,001 [INFO] PluginManage:359 - Loaded plugin ddr (category:tool,tabindex:6)
2024-04-04 22:35:22,001 [INFO] PluginManage:310 - Check plugin filemanager
2024-04-04 22:35:22,113 [INFO] PluginManage:359 - Loaded plugin filemanager (category:base,tabindex:10)
2024-04-04 22:35:22,113 [INFO] PluginManage:310 - Check plugin ipmanager
2024-04-04 22:35:22,119 [INFO] PluginManage:359 - Loaded plugin ipmanager (category:base,tabindex:5)
2024-04-04 22:35:22,119 [INFO] PluginManage:310 - Check plugin lpbam
2024-04-04 22:35:22,135 [INFO] PluginManage:359 - Loaded plugin lpbam (category:base,tabindex:0)
2024-04-04 22:35:22,135 [INFO] PluginManage:310 - Check plugin memorymap
2024-04-04 22:35:22,151 [INFO] PluginManage:359 - Loaded plugin memorymap (category:base,tabindex:4)
2024-04-04 22:35:22,151 [INFO] PluginManage:310 - Check plugin pinoutandconfiguration
2024-04-04 22:35:22,165 [INFO] PluginManage:359 - Loaded plugin pinoutandconfiguration (category:base,tabindex:1)
2024-04-04 22:35:22,165 [INFO] PluginManage:310 - Check plugin pinoutconfig
2024-04-04 22:35:22,245 [WARN] SupportedApi:132 - Cannot load RTOS API schema: s4s-elt-must-match.1: The content of 'definitions' must match (annotation?, (simpleType | complexType)?, (unique | key | keyref)*)). A problem was found starting at: attribute.
2024-04-04 22:35:22,342 [INFO] PluginManage:359 - Loaded plugin pinoutconfig (category:base,tabindex:0)
2024-04-04 22:35:22,343 [INFO] PluginManage:310 - Check plugin power
2024-04-04 22:35:22,358 [INFO] PluginManage:359 - Loaded plugin power (category:power,tabindex:4)
2024-04-04 22:35:22,358 [INFO] PluginManage:310 - Check plugin projectmanager
2024-04-04 22:35:22,370 [INFO] PluginManage:359 - Loaded plugin projectmanager (category:projectmanager,tabindex:3)
2024-04-04 22:35:22,371 [INFO] PluginManage:310 - Check plugin thirdparty
2024-04-04 22:35:22,571 [INFO] PluginManage:359 - Loaded plugin thirdparty (category:base,tabindex:-1)
2024-04-04 22:35:22,571 [WARN] IntegrityCheckThread:84 - waiting for thirdparty lock release [integrity check]
2024-04-04 22:35:22,571 [INFO] PluginManage:310 - Check plugin tools
2024-04-04 22:35:22,571 [INFO] IntegrityCheckThread:86 - entering critical section [integrity check]
2024-04-04 22:35:22,571 [INFO] ThirdPartyUpdaterWithRetryManager:70 - Updater plugin not ready yet. [1/15]
2024-04-04 22:35:22,603 [INFO] PluginManage:359 - Loaded plugin tools (category:base,tabindex:7)
2024-04-04 22:35:22,603 [INFO] PluginManage:310 - Check plugin tutovideos
2024-04-04 22:35:22,749 [INFO] PluginManage:359 - Loaded plugin tutovideos (category:base,tabindex:-1)
2024-04-04 22:35:22,749 [INFO] PluginManage:310 - Check plugin updater
2024-04-04 22:35:22,757 [INFO] PluginManage:359 - Loaded plugin updater (category:base,tabindex:12)
2024-04-04 22:35:22,757 [INFO] PluginManage:310 - Check plugin userauth
2024-04-04 22:35:22,761 [INFO] UserAuth:114 - Init User Auth plugin
2024-04-04 22:35:22,761 [INFO] PluginManage:359 - Loaded plugin userauth (category:base,tabindex:14)
2024-04-04 22:35:22,761 [INFO] PluginManage:283 - PluginManage : Loaded plugins [17]
2024-04-04 22:35:22,925 [INFO] PinOutPanel:1499 - setPackage(No Configuration,No Configuration)
2024-04-04 22:35:22,983 [INFO] CADModel:165 - CPN selected for project level
2024-04-04 22:35:22,984 [INFO] CADModel:114 - Register for checkConnection events
2024-04-04 22:35:23,004 [INFO] IPUIPlugin:80 - create IPUIPlugin
2024-04-04 22:35:23,004 [INFO] PluginManager:220 - loadIPPluginJar : add adc
2024-04-04 22:35:23,033 [INFO] IPUIPlugin:80 - create IPUIPlugin
2024-04-04 22:35:23,034 [INFO] PluginManager:220 - loadIPPluginJar : add aes
2024-04-04 22:35:23,068 [INFO] IPUIPlugin:80 - create IPUIPlugin
2024-04-04 22:35:23,068 [INFO] PluginManager:220 - loadIPPluginJar : add can
2024-04-04 22:35:23,088 [INFO] IPUIPlugin:80 - create IPUIPlugin
2024-04-04 22:35:23,088 [INFO] PluginManager:220 - loadIPPluginJar : add comp
2024-04-04 22:35:23,117 [INFO] IPUIPlugin:80 - create IPUIPlugin
2024-04-04 22:35:23,117 [INFO] PluginManager:220 - loadIPPluginJar : add cryp
2024-04-04 22:35:23,142 [INFO] IPUIPlugin:80 - create IPUIPlugin
2024-04-04 22:35:23,143 [INFO] PluginManager:220 - loadIPPluginJar : add dfsdm
2024-04-04 22:35:23,154 [INFO] IPUIPlugin:80 - create IPUIPlugin
2024-04-04 22:35:23,154 [INFO] PluginManager:220 - loadIPPluginJar : add dma
2024-04-04 22:35:23,191 [INFO] IPUIPlugin:80 - create IPUIPlugin
2024-04-04 22:35:23,191 [INFO] PluginManager:220 - loadIPPluginJar : add dma3
2024-04-04 22:35:23,207 [INFO] IPUIPlugin:80 - create IPUIPlugin
2024-04-04 22:35:23,207 [INFO] PluginManager:220 - loadIPPluginJar : add fatfs
2024-04-04 22:35:23,247 [INFO] IPUIPlugin:80 - create IPUIPlugin
2024-04-04 22:35:23,247 [INFO] PluginManager:220 - loadIPPluginJar : add fmc
2024-04-04 22:35:23,261 [INFO] IPUIPlugin:80 - create IPUIPlugin
2024-04-04 22:35:23,261 [INFO] PluginManager:220 - loadIPPluginJar : add freertos
2024-04-04 22:35:23,279 [INFO] IPUIPlugin:80 - create IPUIPlugin
2024-04-04 22:35:23,280 [INFO] PluginManager:220 - loadIPPluginJar : add genericplugin
2024-04-04 22:35:23,358 [INFO] IPUIPlugin:80 - create IPUIPlugin
2024-04-04 22:35:23,359 [INFO] PluginManager:220 - loadIPPluginJar : add gfxmmu
2024-04-04 22:35:23,469 [INFO] IPUIPlugin:80 - create IPUIPlugin
2024-04-04 22:35:23,469 [INFO] PluginManager:220 - loadIPPluginJar : add gic
2024-04-04 22:35:23,482 [INFO] IPUIPlugin:80 - create IPUIPlugin
2024-04-04 22:35:23,482 [INFO] PluginManager:220 - loadIPPluginJar : add gpio
2024-04-04 22:35:23,562 [INFO] IPUIPlugin:80 - create IPUIPlugin
2024-04-04 22:35:23,562 [INFO] PluginManager:220 - loadIPPluginJar : add gtzc
2024-04-04 22:35:23,589 [INFO] IPUIPlugin:80 - create IPUIPlugin
2024-04-04 22:35:23,589 [INFO] PluginManager:220 - loadIPPluginJar : add hash
2024-04-04 22:35:23,637 [INFO] IPUIPlugin:80 - create IPUIPlugin
2024-04-04 22:35:23,637 [INFO] PluginManager:220 - loadIPPluginJar : add i2c
2024-04-04 22:35:23,667 [INFO] IPUIPlugin:80 - create IPUIPlugin
2024-04-04 22:35:23,668 [INFO] PluginManager:220 - loadIPPluginJar : add i2s
2024-04-04 22:35:23,700 [INFO] IPUIPlugin:80 - create IPUIPlugin
2024-04-04 22:35:23,700 [INFO] PluginManager:220 - loadIPPluginJar : add i3c
2024-04-04 22:35:23,788 [INFO] IPUIPlugin:80 - create IPUIPlugin
2024-04-04 22:35:23,789 [INFO] PluginManager:220 - loadIPPluginJar : add ipddr
2024-04-04 22:35:23,868 [INFO] IPUIPlugin:80 - create IPUIPlugin
2024-04-04 22:35:23,868 [INFO] PluginManager:220 - loadIPPluginJar : add linkedlist
2024-04-04 22:35:23,900 [INFO] IPUIPlugin:80 - create IPUIPlugin
2024-04-04 22:35:23,900 [INFO] PluginManager:220 - loadIPPluginJar : add lorawan
2024-04-04 22:35:23,931 [INFO] IPUIPlugin:80 - create IPUIPlugin
2024-04-04 22:35:23,931 [INFO] PluginManager:220 - loadIPPluginJar : add ltdc
2024-04-04 22:35:23,943 [INFO] IPUIPlugin:80 - create IPUIPlugin
2024-04-04 22:35:23,944 [INFO] PluginManager:220 - loadIPPluginJar : add mdma
2024-04-04 22:35:23,954 [INFO] IPUIPlugin:80 - create IPUIPlugin
2024-04-04 22:35:23,954 [INFO] PluginManager:220 - loadIPPluginJar : add nvic
2024-04-04 22:35:23,987 [INFO] IPUIPlugin:80 - create IPUIPlugin
2024-04-04 22:35:23,987 [INFO] PluginManager:220 - loadIPPluginJar : add opamp
2024-04-04 22:35:24,040 [INFO] IPUIPlugin:80 - create IPUIPlugin
2024-04-04 22:35:24,041 [INFO] PluginManager:220 - loadIPPluginJar : add openamp
2024-04-04 22:35:24,079 [INFO] IPUIPlugin:80 - create IPUIPlugin
2024-04-04 22:35:24,079 [INFO] PluginManager:220 - loadIPPluginJar : add pdm2pcm
2024-04-04 22:35:24,093 [INFO] IPUIPlugin:80 - create IPUIPlugin
2024-04-04 22:35:24,094 [INFO] PluginManager:220 - loadIPPluginJar : add plateformsettings
2024-04-04 22:35:24,113 [INFO] IPUIPlugin:80 - create IPUIPlugin
2024-04-04 22:35:24,113 [INFO] PluginManager:220 - loadIPPluginJar : add quadspi
2024-04-04 22:35:24,123 [INFO] IPUIPlugin:80 - create IPUIPlugin
2024-04-04 22:35:24,124 [INFO] PluginManager:220 - loadIPPluginJar : add resmgrutility
2024-04-04 22:35:24,165 [INFO] IPUIPlugin:80 - create IPUIPlugin
2024-04-04 22:35:24,166 [INFO] PluginManager:220 - loadIPPluginJar : add sai
2024-04-04 22:35:24,197 [INFO] IPUIPlugin:80 - create IPUIPlugin
2024-04-04 22:35:24,197 [INFO] PluginManager:220 - loadIPPluginJar : add spi
2024-04-04 22:35:24,259 [INFO] IPUIPlugin:80 - create IPUIPlugin
2024-04-04 22:35:24,259 [INFO] PluginManager:220 - loadIPPluginJar : add stm32_wpan
2024-04-04 22:35:24,278 [INFO] IPUIPlugin:80 - create IPUIPlugin
2024-04-04 22:35:24,279 [INFO] PluginManager:220 - loadIPPluginJar : add tim
2024-04-04 22:35:24,331 [INFO] IPUIPlugin:80 - create IPUIPlugin
2024-04-04 22:35:24,331 [INFO] PluginManager:220 - loadIPPluginJar : add touchsensing
2024-04-04 22:35:24,333 [INFO] IPUIPlugin:80 - create IPUIPlugin
2024-04-04 22:35:24,334 [INFO] PluginManager:220 - loadIPPluginJar : add tracer_emb
2024-04-04 22:35:24,355 [INFO] IPUIPlugin:80 - create IPUIPlugin
2024-04-04 22:35:24,355 [INFO] PluginManager:220 - loadIPPluginJar : add ts
2024-04-04 22:35:24,373 [INFO] IPUIPlugin:80 - create IPUIPlugin
2024-04-04 22:35:24,373 [INFO] PluginManager:220 - loadIPPluginJar : add tsc
2024-04-04 22:35:24,392 [INFO] IPUIPlugin:80 - create IPUIPlugin
2024-04-04 22:35:24,392 [INFO] PluginManager:220 - loadIPPluginJar : add ucpd
2024-04-04 22:35:24,430 [INFO] IPUIPlugin:80 - create IPUIPlugin
2024-04-04 22:35:24,430 [INFO] PluginManager:220 - loadIPPluginJar : add usart
2024-04-04 22:35:24,467 [INFO] IPUIPlugin:80 - create IPUIPlugin
2024-04-04 22:35:24,467 [INFO] PluginManager:220 - loadIPPluginJar : add usbx
2024-04-04 22:35:24,582 [INFO] CADModel:165 - CPN selected for project level
2024-04-04 22:35:24,582 [INFO] CADModel:114 - Register for checkConnection events
2024-04-04 22:35:24,583 [FATAL] Updater:308 - Updater called before beeing initialized
2024-04-04 22:35:24,583 [ERROR] CADModel:125 - Updater not yet initialized, retry later 
2024-04-04 22:35:24,678 [INFO] CADModel:165 - CPN selected for project level
2024-04-04 22:35:24,678 [INFO] CADModel:114 - Register for checkConnection events
2024-04-04 22:35:24,678 [FATAL] Updater:308 - Updater called before beeing initialized
2024-04-04 22:35:24,679 [ERROR] CADModel:125 - Updater not yet initialized, retry later 
2024-04-04 22:35:24,681 [FATAL] Updater:308 - Updater called before beeing initialized
2024-04-04 22:35:24,757 [FATAL] Updater:308 - Updater called before beeing initialized
2024-04-04 22:35:24,764 [INFO] DbMcusAds:53 - JSON generation date=Wed Nov 29 04:52:27 CST 2023 (1701255147349)
2024-04-04 22:35:24,764 [FATAL] Updater:308 - Updater called before beeing initialized
2024-04-04 22:35:24,826 [WARN] DetailPanel:346 - Failed to get advertising image, set to default
2024-04-04 22:35:24,922 [FATAL] Updater:308 - Updater called before beeing initialized
2024-04-04 22:35:24,923 [FATAL] Updater:308 - Updater called before beeing initialized
2024-04-04 22:35:24,923 [FATAL] Updater:308 - Updater called before beeing initialized
2024-04-04 22:35:24,923 [WARN] DetailPanel:346 - Failed to get advertising image, set to default
2024-04-04 22:35:24,924 [FATAL] Updater:308 - Updater called before beeing initialized
2024-04-04 22:35:24,969 [ERROR] Updater:1120 - MainUpdater not yet initialized. External WinMGr cannot be set.
2024-04-04 22:35:24,977 [INFO] Updater:1056 - Updater Version found : 6.10.0
2024-04-04 22:35:24,990 [INFO] ApplicationProperties:184 - Using Application install path: C:\ST\STM32CubeIDE_1.14.1\STM32CubeIDE\plugins\com.st.stm32cube.common.mx_6.10.0.202311202037
2024-04-04 22:35:25,572 [INFO] ThirdPartyUpdaterWithRetryManager:70 - Updater plugin not ready yet. [2/15]
2024-04-04 22:35:26,586 [ERROR] LogOutputStream:75 - [STDERR_REDIRECT] Apr 04, 2024 10:35:26 PM java.util.prefs.WindowsPreferences <init>
2024-04-04 22:35:26,587 [ERROR] LogOutputStream:75 - [STDERR_REDIRECT] WARNING: Could not open/create prefs root node Software\JavaSoft\Prefs at root 0xffffffff80000002. Windows RegCreateKeyEx(...) returned error code 5.
2024-04-04 22:35:26,588 [ERROR] LogOutputStream:75 - [STDERR_REDIRECT] 
2024-04-04 22:35:26,916 [INFO] MainUpdater:2873 - connection check result : 10
2024-04-04 22:35:26,917 [INFO] MainUpdater:290 - Updater Check For Update Now.
2024-04-04 22:35:26,917 [INFO] MicroXplorer:498 - Change Database Version : DB.6.0.100
2024-04-04 22:35:26,929 [INFO] McuFinderGlobals:63 - Set McuFinder mode to 2 (CubeIDE integrated)
2024-04-04 22:35:26,929 [INFO] UserAuth:180 - activating auth plugin
2024-04-04 22:35:26,931 [INFO] UserAuth:404 - Internet connection configuration mode: 1
2024-04-04 22:35:26,946 [INFO] JxBrowserEngine:152 - Initiate JxBrowser Engine with user profile folder
2024-04-04 22:35:27,108 [INFO] CheckServerUpdateThread:120 - End of CheckServer Thread
2024-04-04 22:35:28,733 [WARN] PackLoader:240 - Cannot read IP mode file for STMicroelectronics.X-CUBE-SMBUS.2.1.0
2024-04-04 22:35:28,750 [WARN] PackLoader:240 - Cannot read IP mode file for STMicroelectronics.X-CUBE-TOUCHGFX.4.23.1
2024-04-04 22:35:28,768 [WARN] PackLoader:240 - Cannot read IP mode file for STMicroelectronics.X-CUBE-TOUCHGFX.4.23.0
2024-04-04 22:35:28,782 [WARN] PackLoader:240 - Cannot read IP mode file for STMicroelectronics.X-CUBE-TOUCHGFX.4.23.2
2024-04-04 22:35:28,825 [WARN] PackLoader:240 - Cannot read IP mode file for STMicroelectronics.X-CUBE-AZRTOS-F7.1.1.0
2024-04-04 22:35:28,840 [WARN] PackLoader:240 - Cannot read IP mode file for STMicroelectronics.FP-SNS-MOTENV1.4.3.2
2024-04-04 22:35:28,853 [WARN] PackLoader:240 - Cannot read IP mode file for STMicroelectronics.FP-SNS-FLIGHT1.5.0.2
2024-04-04 22:35:28,865 [INFO] WebApp:161 - Instantiating new browser for Auth
2024-04-04 22:35:28,868 [WARN] PackLoader:240 - Cannot read IP mode file for STMicroelectronics.X-CUBE-DISPLAY.3.0.0
2024-04-04 22:35:28,894 [WARN] PackLoader:240 - Cannot read IP mode file for STMicroelectronics.X-CUBE-BLE1.7.0.0
2024-04-04 22:35:28,914 [WARN] PackLoader:240 - Cannot read IP mode file for emotas.I-CUBE-CANOPEN.1.3.0
2024-04-04 22:35:28,936 [WARN] PackLoader:240 - Cannot read IP mode file for STMicroelectronics.X-CUBE-BLEMGR.3.1.0
2024-04-04 22:35:28,953 [WARN] PackLoader:240 - Cannot read IP mode file for STMicroelectronics.FP-SNS-SMARTAG2.1.2.0
2024-04-04 22:35:28,970 [INFO] LogOutputStream:77 - [STDOUT_REDIRECT] 1 : Invalid condition id : UX_CORESTACK_Condition cause : null
2024-04-04 22:35:28,971 [INFO] LogOutputStream:77 - [STDOUT_REDIRECT] 1 : Invalid condition id : UX_CORESTACK_Condition cause : null
2024-04-04 22:35:28,972 [INFO] LogOutputStream:77 - [STDOUT_REDIRECT] 1 : Invalid condition id : UX_CORESTACK_Condition cause : null
2024-04-04 22:35:28,973 [INFO] LogOutputStream:77 - [STDOUT_REDIRECT] 1 : Invalid condition id : UX_CORESTACK_Condition cause : null
2024-04-04 22:35:28,974 [INFO] LogOutputStream:77 - [STDOUT_REDIRECT] 1 : Invalid condition id : UX_CORESTACK_Condition cause : null
2024-04-04 22:35:28,978 [WARN] PackLoader:240 - Cannot read IP mode file for STMicroelectronics.X-CUBE-AZRTOS-WL.2.0.0
2024-04-04 22:35:28,993 [WARN] PackLoader:240 - Cannot read IP mode file for STMicroelectronics.FP-SNS-MOTENV1.5.0.0
2024-04-04 22:35:29,008 [WARN] PackLoader:240 - Cannot read IP mode file for WES.I-CUBE-Cesium.1.3.0
2024-04-04 22:35:29,019 [WARN] PackLoader:240 - Cannot read IP mode file for STMicroelectronics.X-CUBE-BLE2.3.3.0
2024-04-04 22:35:29,034 [WARN] PackLoader:240 - Cannot read IP mode file for STMicroelectronics.X-CUBE-ALGOBUILD.1.3.0
2024-04-04 22:35:29,063 [WARN] PackLoader:240 - Cannot read IP mode file for STMicroelectronics.X-CUBE-AZRTOS-G0.1.1.0
2024-04-04 22:35:29,081 [WARN] PackLoader:240 - Cannot read IP mode file for STMicroelectronics.X-CUBE-SAFEA1.1.2.2
2024-04-04 22:35:29,097 [WARN] PackLoader:240 - Cannot read IP mode file for STMicroelectronics.X-CUBE-NFC4.3.0.0
2024-04-04 22:35:29,118 [WARN] PackLoader:240 - Cannot read IP mode file for STMicroelectronics.X-CUBE-BLEMGR.3.0.0
2024-04-04 22:35:29,134 [WARN] PackLoader:240 - Cannot read IP mode file for STMicroelectronics.FP-ATR-SIGFOX1.3.2.0
2024-04-04 22:35:29,149 [WARN] PackLoader:240 - Cannot read IP mode file for STMicroelectronics.X-CUBE-EEPRMA1.5.1.0
2024-04-04 22:35:29,185 [WARN] PackLoader:240 - Cannot read IP mode file for SEGGER.I-CUBE-embOS.1.3.1
2024-04-04 22:35:29,239 [WARN] PackLoader:240 - Cannot read IP mode file for STMicroelectronics.X-CUBE-GNSS1.6.0.0
2024-04-04 22:35:29,272 [WARN] PackLoader:240 - Cannot read IP mode file for STMicroelectronics.X-CUBE-AZRTOS-F4.1.1.0
2024-04-04 22:35:29,286 [WARN] PackLoader:240 - Cannot read IP mode file for wolfSSL.I-CUBE-wolfSSL.5.6.6
2024-04-04 22:35:29,310 [WARN] PackLoader:240 - Cannot read IP mode file for STMicroelectronics.X-CUBE-AZRTOS-L5.2.0.0
2024-04-04 22:35:29,324 [WARN] PackLoader:240 - Cannot read IP mode file for STMicroelectronics.X-CUBE-NFC6.3.1.0
2024-04-04 22:35:29,336 [WARN] PackLoader:240 - Cannot read IP mode file for ITTIA_DB.I-CUBE-ITTIADB.8.8.0
2024-04-04 22:35:29,346 [WARN] PackLoader:240 - Cannot read IP mode file for STMicroelectronics.X-CUBE-NFC7.1.0.1
2024-04-04 22:35:29,360 [WARN] PackLoader:240 - Cannot read IP mode file for STMicroelectronics.X-CUBE-NFC6.3.0.0
2024-04-04 22:35:29,378 [WARN] PackLoader:240 - Cannot read IP mode file for STMicroelectronics.X-CUBE-AI.8.1.0
2024-04-04 22:35:29,386 [INFO] WebApp:780 - Register for checkConnection events
2024-04-04 22:35:29,387 [INFO] WebApp:414 - Apply proxy settings
2024-04-04 22:35:29,387 [INFO] WebApp:499 - Chromium requires no authentication
2024-04-04 22:35:29,393 [INFO] WebApp:442 - Direct internet connection detected
2024-04-04 22:35:29,402 [WARN] ConditionMgr:438 - getConditionDescription Invalid condition id : LAN8742 Phy interface Condition cause : null
2024-04-04 22:35:29,402 [WARN] PackLoader:240 - Cannot read IP mode file for STMicroelectronics.X-CUBE-AZRTOS-L4.2.0.0
2024-04-04 22:35:29,404 [WARN] ConditionMgr:1039 - genDependencies : Invalid condition id : LAN8742 Phy interface Condition cause : null
2024-04-04 22:35:29,404 [WARN] ConditionMgr:1039 - genDependencies : Invalid condition id : LAN8742 Phy interface Condition cause : null
2024-04-04 22:35:29,405 [WARN] ConditionMgr:1039 - genDependencies : Invalid condition id : LAN8742 Phy interface Condition cause : null
2024-04-04 22:35:29,420 [WARN] PackLoader:240 - Cannot read IP mode file for STMicroelectronics.X-CUBE-SFXS2LP1.4.0.0
2024-04-04 22:35:29,446 [WARN] ConditionMgr:438 - getConditionDescription Invalid condition id : UX DEVICE CLASS RTOS Condition cause : null
2024-04-04 22:35:29,446 [WARN] ConditionMgr:438 - getConditionDescription Invalid condition id : UX DEVICE CLASS RTOS Condition cause : null
2024-04-04 22:35:29,448 [WARN] PackLoader:240 - Cannot read IP mode file for STMicroelectronics.X-CUBE-AZRTOS-WB.2.0.0
2024-04-04 22:35:29,448 [WARN] ConditionMgr:1039 - genDependencies : Invalid condition id : UX DEVICE CLASS RTOS Condition cause : null
2024-04-04 22:35:29,448 [WARN] ConditionMgr:1039 - genDependencies : Invalid condition id : UX DEVICE CLASS RTOS Condition cause : null
2024-04-04 22:35:29,449 [WARN] ConditionMgr:1039 - genDependencies : Invalid condition id : UX DEVICE CLASS RTOS Condition cause : null
2024-04-04 22:35:29,449 [WARN] ConditionMgr:1039 - genDependencies : Invalid condition id : UX DEVICE CLASS RTOS Condition cause : null
2024-04-04 22:35:29,449 [WARN] ConditionMgr:1039 - genDependencies : Invalid condition id : UX DEVICE CLASS RTOS Condition cause : null
2024-04-04 22:35:29,464 [WARN] PackLoader:240 - Cannot read IP mode file for STMicroelectronics.X-CUBE-SUBG2.5.0.0
2024-04-04 22:35:29,487 [WARN] PackLoader:240 - Cannot read IP mode file for STMicroelectronics.X-CUBE-AZRTOS-G4.2.0.0
2024-04-04 22:35:29,505 [WARN] PackLoader:240 - Cannot read IP mode file for Infineon.AIROC-Wi-Fi-Bluetooth-STM32.1.5.1
2024-04-04 22:35:29,518 [WARN] PackLoader:240 - Cannot read IP mode file for STMicroelectronics.FP-SNS-MOTENVWB1.1.3.1
2024-04-04 22:35:29,527 [WARN] PackLoader:240 - Cannot read IP mode file for STMicroelectronics.X-CUBE-ISPU.2.0.0
2024-04-04 22:35:29,543 [INFO] WebApp:192 - Starting web application
2024-04-04 22:35:29,543 [INFO] WebApp:544 - Web application path used C:\ST\STM32CubeIDE_1.14.1\STM32CubeIDE\plugins\com.st.stm32cube.common.mx_6.10.0.202311202037\db\plugins\mcufinder\reactClient1\index.html
2024-04-04 22:35:29,578 [WARN] PackLoader:240 - Cannot read IP mode file for STMicroelectronics.X-CUBE-MEMS1.10.0.0
2024-04-04 22:35:29,713 [WARN] PackLoader:240 - Cannot read IP mode file for STMicroelectronics.X-CUBE-FREERTOS.1.1.0
2024-04-04 22:35:29,728 [WARN] PackLoader:240 - Cannot read IP mode file for portGmbH.I-Cube-SoM-uGOAL.1.1.0
2024-04-04 22:35:29,740 [WARN] PackLoader:240 - Cannot read IP mode file for STMicroelectronics.X-CUBE-ALS.1.0.1
2024-04-04 22:35:29,751 [WARN] PackLoader:240 - Cannot read IP mode file for STMicroelectronics.FP-ATR-ASTRA1.2.0.0
2024-04-04 22:35:29,756 [WARN] PackLoader:240 - Cannot read IP mode file for STMicroelectronics.X-CUBE-TOF1.3.4.0
2024-04-04 22:35:29,790 [WARN] PackLoader:240 - Cannot read IP mode file for STMicroelectronics.X-CUBE-TOF1.3.4.1
2024-04-04 22:35:29,826 [WARN] PackLoader:240 - Cannot read IP mode file for STMicroelectronics.X-CUBE-AZRTOS-H7.3.2.0
2024-04-04 22:35:29,828 [INFO] ThirdParty:978 - Integrity check success = true
2024-04-04 22:35:29,828 [INFO] IntegrityCheckThread:100 - exiting critical section [integrity check]
2024-04-04 22:35:29,828 [INFO] IntegrityCheckThread:103 - End integrity checks thread
2024-04-04 22:35:50,250 [ERROR] LogOutputStream:75 - [STDERR_REDIRECT] SLF4J: Failed to load class "org.slf4j.impl.StaticLoggerBinder".
2024-04-04 22:35:50,251 [ERROR] LogOutputStream:75 - [STDERR_REDIRECT] SLF4J: Defaulting to no-operation (NOP) logger implementation
2024-04-04 22:35:50,252 [ERROR] LogOutputStream:75 - [STDERR_REDIRECT] SLF4J: See http://www.slf4j.org/codes.html#StaticLoggerBinder for further details.
2024-04-04 22:36:58,919 [ERROR] LogOutputStream:75 - [STDERR_REDIRECT] 
2024-04-04 22:36:58,919 [ERROR] LogOutputStream:75 - [STDERR_REDIRECT] 
